#
# There is insufficient memory for the Java Runtime Environment to continue.
# Native memory allocation (malloc) failed to allocate 295856 bytes for Chunk::new
# Possible reasons:
#   The system is out of physical RAM or swap space
#   In 32 bit mode, the process size limit was hit
# Possible solutions:
#   Reduce memory load on the system
#   Increase physical memory or swap space
#   Check if swap backing store is full
#   Use 64 bit Java on a 64 bit OS
#   Decrease Java heap size (-Xmx/-Xms)
#   Decrease number of Java threads
#   Decrease Java thread stack sizes (-Xss)
#   Set larger code cache with -XX:ReservedCodeCacheSize=
# This output file may be truncated or incomplete.
#
#  Out of Memory Error (allocation.cpp:390), pid=9880, tid=5648
#
# JRE version: Java(TM) SE Runtime Environment (8.0_45-b14) (build 1.8.0_45-b14)
# Java VM: Java HotSpot(TM) 64-Bit Server VM (25.45-b02 mixed mode windows-amd64 compressed oops)
# Failed to write core dump. Minidumps are not enabled by default on client versions of Windows
#

---------------  T H R E A D  ---------------

Current thread (0x0000000023999800):  JavaThread "Druid-ConnectionPool-Create-593271165" daemon [_thread_in_native, id=5648, stack(0x00000000258e0000,0x00000000259e0000)]

Stack: [0x00000000258e0000,0x00000000259e0000]
Native frames: (J=compiled Java code, j=interpreted, Vv=VM code, C=native code)
V  [jvm.dll+0x32b57a]

Java frames: (J=compiled Java code, j=interpreted, Vv=VM code)
J 855  java.lang.Class.forName0(Ljava/lang/String;ZLjava/lang/ClassLoader;Ljava/lang/Class;)Ljava/lang/Class; (0 bytes) @ 0x0000000003b37f47 [0x0000000003b37ec0+0x87]
J 923 C1 java.lang.Class.forName(Ljava/lang/String;ZLjava/lang/ClassLoader;)Ljava/lang/Class; (53 bytes) @ 0x0000000003b56afc [0x0000000003b56a00+0xfc]
j  sun.nio.cs.AbstractCharsetProvider.lookup(Ljava/lang/String;)Ljava/nio/charset/Charset;+86
j  sun.nio.cs.AbstractCharsetProvider.charsetForName(Ljava/lang/String;)Ljava/nio/charset/Charset;+14
j  java.nio.charset.Charset.lookupExtendedCharset(Ljava/lang/String;)Ljava/nio/charset/Charset;+10
j  java.nio.charset.Charset.lookup2(Ljava/lang/String;)Ljava/nio/charset/Charset;+48
j  java.nio.charset.Charset.lookup(Ljava/lang/String;)Ljava/nio/charset/Charset;+40
j  java.nio.charset.Charset.forName(Ljava/lang/String;)Ljava/nio/charset/Charset;+1
j  com.mysql.jdbc.MysqlCharset.<init>(Ljava/lang/String;II[Ljava/lang/String;)V+65
j  com.mysql.jdbc.MysqlCharset.<init>(Ljava/lang/String;II[Ljava/lang/String;III)V+6
j  com.mysql.jdbc.CharsetMapping.<clinit>()V+263
v  ~StubRoutines::call_stub
j  com.mysql.jdbc.ConnectionImpl.<init>(Ljava/lang/String;ILjava/util/Properties;Ljava/lang/String;Ljava/lang/String;)V+34
j  com.mysql.jdbc.JDBC4Connection.<init>(Ljava/lang/String;ILjava/util/Properties;Ljava/lang/String;Ljava/lang/String;)V+8
v  ~StubRoutines::call_stub
J 1174  sun.reflect.NativeConstructorAccessorImpl.newInstance0(Ljava/lang/reflect/Constructor;[Ljava/lang/Object;)Ljava/lang/Object; (0 bytes) @ 0x0000000003bb2466 [0x0000000003bb2400+0x66]
J 1173 C1 sun.reflect.NativeConstructorAccessorImpl.newInstance([Ljava/lang/Object;)Ljava/lang/Object; (89 bytes) @ 0x0000000003bb2b8c [0x0000000003bb2820+0x36c]
J 1220 C1 sun.reflect.DelegatingConstructorAccessorImpl.newInstance([Ljava/lang/Object;)Ljava/lang/Object; (9 bytes) @ 0x0000000003bc0824 [0x0000000003bc07e0+0x44]
J 1148 C1 java.lang.reflect.Constructor.newInstance([Ljava/lang/Object;)Ljava/lang/Object; (87 bytes) @ 0x0000000003ba740c [0x0000000003ba7300+0x10c]
j  com.mysql.jdbc.Util.handleNewInstance(Ljava/lang/reflect/Constructor;[Ljava/lang/Object;Lcom/mysql/jdbc/ExceptionInterceptor;)Ljava/lang/Object;+2
j  com.mysql.jdbc.ConnectionImpl.getInstance(Ljava/lang/String;ILjava/util/Properties;Ljava/lang/String;Ljava/lang/String;)Lcom/mysql/jdbc/Connection;+52
j  com.mysql.jdbc.NonRegisteringDriver.connect(Ljava/lang/String;Ljava/util/Properties;)Ljava/sql/Connection;+101
j  com.alibaba.druid.pool.DruidAbstractDataSource.createPhysicalConnection(Ljava/lang/String;Ljava/util/Properties;)Ljava/sql/Connection;+18
j  com.alibaba.druid.pool.DruidAbstractDataSource.createPhysicalConnection()Lcom/alibaba/druid/pool/DruidAbstractDataSource$PhysicalConnectionInfo;+233
j  com.alibaba.druid.pool.DruidDataSource$CreateConnectionThread.run()V+371
v  ~StubRoutines::call_stub

---------------  P R O C E S S  ---------------

Java Threads: ( => current thread )
  0x000000002399e000 JavaThread "Druid-ConnectionPool-Destroy-593271165" daemon [_thread_blocked, id=24568, stack(0x00000000259e0000,0x0000000025ae0000)]
=>0x0000000023999800 JavaThread "Druid-ConnectionPool-Create-593271165" daemon [_thread_in_native, id=5648, stack(0x00000000258e0000,0x00000000259e0000)]
  0x000000002399b000 JavaThread "Abandoned connection cleanup thread" daemon [_thread_blocked, id=31680, stack(0x00000000255e0000,0x00000000256e0000)]
  0x000000002399d800 JavaThread "spring.cloud.inetutils" daemon [_thread_in_native, id=18464, stack(0x0000000022310000,0x0000000022410000)]
  0x000000002354f800 JavaThread "rpcMergeMessageSend_RMROLE_1" daemon [_thread_blocked, id=17528, stack(0x00000000250e0000,0x00000000251e0000)]
  0x0000000023552800 JavaThread "timeoutChecker_1" daemon [_thread_blocked, id=21680, stack(0x0000000024fe0000,0x00000000250e0000)]
  0x0000000023551000 JavaThread "AsyncWorker_1" daemon [_thread_blocked, id=26100, stack(0x0000000024ee0000,0x0000000024fe0000)]
  0x0000000023550800 JavaThread "rpcMergeMessageSend_TMROLE_1" daemon [_thread_blocked, id=28676, stack(0x0000000024de0000,0x0000000024ee0000)]
  0x000000002354f000 JavaThread "timeoutChecker_1" daemon [_thread_blocked, id=22300, stack(0x0000000024ce0000,0x0000000024de0000)]
  0x0000000023552000 JavaThread "configOperate_1_2" daemon [_thread_blocked, id=30888, stack(0x00000000249e0000,0x0000000024ae0000)]
  0x0000000023555000 JavaThread "configChange_1" daemon [_thread_blocked, id=31392, stack(0x00000000248e0000,0x00000000249e0000)]
  0x000000002354e000 JavaThread "configOperate_1_2" daemon [_thread_blocked, id=8044, stack(0x00000000247e0000,0x00000000248e0000)]
  0x0000000023554000 JavaThread "configChange_1" daemon [_thread_blocked, id=13492, stack(0x00000000246e0000,0x00000000247e0000)]
  0x0000000020d9a000 JavaThread "AsyncAppender-Worker-ASYNC" daemon [_thread_blocked, id=24860, stack(0x0000000023010000,0x0000000023110000)]
  0x0000000020d15000 JavaThread "spring.cloud.inetutils" daemon [_thread_in_native, id=15064, stack(0x0000000022a10000,0x0000000022b10000)]
  0x0000000020b4c000 JavaThread "AsyncAppender-Worker-ASYNC" daemon [_thread_blocked, id=27568, stack(0x0000000021e10000,0x0000000021f10000)]
  0x0000000020ac9000 JavaThread "RMI Scheduler(0)" daemon [_thread_blocked, id=16456, stack(0x0000000022910000,0x0000000022a10000)]
  0x000000002091a000 JavaThread "RMI TCP Connection(1)-176.17.10.159" daemon [_thread_in_native, id=13264, stack(0x0000000022610000,0x0000000022710000)]
  0x00000000204c5000 JavaThread "AsyncAppender-Worker-ASYNC" daemon [_thread_blocked, id=24800, stack(0x0000000021b10000,0x0000000021c10000)]
  0x00000000202ce800 JavaThread "RMI TCP Accept-0" daemon [_thread_in_native, id=27020, stack(0x0000000021660000,0x0000000021760000)]
  0x0000000020178000 JavaThread "Service Thread" daemon [_thread_blocked, id=12384, stack(0x0000000021540000,0x0000000021640000)]
  0x0000000020117000 JavaThread "C1 CompilerThread3" daemon [_thread_blocked, id=16908, stack(0x0000000021440000,0x0000000021540000)]
  0x00000000200f9000 JavaThread "C2 CompilerThread2" daemon [_thread_blocked, id=19776, stack(0x0000000021340000,0x0000000021440000)]
  0x00000000200f8000 JavaThread "C2 CompilerThread1" daemon [_thread_blocked, id=25592, stack(0x0000000021240000,0x0000000021340000)]
  0x0000000020036800 JavaThread "C2 CompilerThread0" daemon [_thread_blocked, id=7072, stack(0x0000000021140000,0x0000000021240000)]
  0x0000000020036000 JavaThread "Monitor Ctrl-Break" daemon [_thread_in_native, id=20720, stack(0x0000000021040000,0x0000000021140000)]
  0x000000001f309000 JavaThread "Attach Listener" daemon [_thread_blocked, id=14468, stack(0x000000001f770000,0x000000001f870000)]
  0x000000001f29d800 JavaThread "Signal Dispatcher" daemon [_thread_blocked, id=14096, stack(0x000000001f670000,0x000000001f770000)]
  0x000000001d284800 JavaThread "Finalizer" daemon [_thread_blocked, id=13464, stack(0x000000001f170000,0x000000001f270000)]
  0x000000001d27d800 JavaThread "Reference Handler" daemon [_thread_blocked, id=12412, stack(0x000000001f070000,0x000000001f170000)]
  0x0000000003649000 JavaThread "main" [_thread_blocked, id=17812, stack(0x0000000003540000,0x0000000003640000)]

Other Threads:
  0x000000001d278800 VMThread [stack: 0x000000001ef70000,0x000000001f070000] [id=15692]
  0x00000000202a7800 WatcherThread [stack: 0x0000000021760000,0x0000000021860000] [id=20960]

VM state:not at safepoint (normal execution)

VM Mutex/Monitor currently owned by a thread: None

Heap:
 PSYoungGen      total 338944K, used 241808K [0x000000076bb80000, 0x0000000786e80000, 0x00000007c0000000)
  eden space 326656K, 74% used [0x000000076bb80000,0x000000077a7a40d8,0x000000077fa80000)
  from space 12288K, 0% used [0x0000000780800000,0x0000000780800000,0x0000000781400000)
  to   space 13824K, 0% used [0x000000077fa80000,0x000000077fa80000,0x0000000780800000)
 ParOldGen       total 144384K, used 18366K [0x00000006c3200000, 0x00000006cbf00000, 0x000000076bb80000)
  object space 144384K, 12% used [0x00000006c3200000,0x00000006c43ef868,0x00000006cbf00000)
 Metaspace       used 41725K, capacity 43512K, committed 43776K, reserved 1089536K
  class space    used 5533K, capacity 5872K, committed 5888K, reserved 1048576K

Card table byte_map: [0x0000000012ca0000,0x0000000013490000] byte_map_base: 0x000000000f687000

Marking Bits: (ParMarkBitMap*) 0x000000005e1f4040
 Begin Bits: [0x00000000141e0000, 0x0000000018118000)
 End Bits:   [0x0000000018118000, 0x000000001c050000)

Polling page: 0x0000000003740000

CodeCache: size=245760Kb used=8352Kb max_used=8352Kb free=237407Kb
 bounds [0x00000000038e0000, 0x0000000004110000, 0x00000000128e0000]
 total_blobs=4559 nmethods=4075 adapters=396
 compilation: enabled

Compilation events (10 events):
Event: 7.454 Thread 0x0000000020117000 4072   !   1       java.io.ObjectOutputStream::writeSerialData (221 bytes)
Event: 7.454 Thread 0x0000000020117000 nmethod 4072 0x0000000004104410 code [0x00000000041045c0, 0x0000000004104bb8]
Event: 7.454 Thread 0x0000000020117000 4071       1       java.io.ObjectStreamField::getTypeCode (9 bytes)
Event: 7.455 Thread 0x0000000020117000 nmethod 4071 0x0000000004105190 code [0x0000000004105300, 0x00000000041054c8]
Event: 7.455 Thread 0x0000000020117000 4069       1       java.io.ObjectInputStream$HandleTable::assign (48 bytes)
Event: 7.455 Thread 0x0000000020117000 nmethod 4069 0x0000000004105610 code [0x0000000004105780, 0x00000000041059c8]
Event: 7.465 Thread 0x0000000020117000 4074       1       java.lang.Class::copyFields (36 bytes)
Event: 7.465 Thread 0x0000000020117000 nmethod 4074 0x0000000004106290 code [0x0000000004106420, 0x0000000004106838]
Event: 7.469 Thread 0x0000000020117000 4075       1       java.util.ResourceBundle::getObject (82 bytes)
Event: 7.469 Thread 0x0000000020117000 nmethod 4075 0x0000000004107450 code [0x0000000004107640, 0x0000000004107b78]

GC Heap History (10 events):
Event: 1.762 GC heap before
{Heap before GC invocations=6 (full 1):
 PSYoungGen      total 140800K, used 8269K [0x000000076bb80000, 0x000000077c980000, 0x00000007c0000000)
  eden space 130048K, 0% used [0x000000076bb80000,0x000000076bb80000,0x0000000773a80000)
  from space 10752K, 76% used [0x0000000773a80000,0x0000000774293438,0x0000000774500000)
  to   space 8192K, 0% used [0x000000077c180000,0x000000077c180000,0x000000077c980000)
 ParOldGen       total 173568K, used 112K [0x00000006c3200000, 0x00000006cdb80000, 0x000000076bb80000)
  object space 173568K, 0% used [0x00000006c3200000,0x00000006c321c010,0x00000006cdb80000)
 Metaspace       used 20757K, capacity 21192K, committed 21296K, reserved 1067008K
  class space    used 2738K, capacity 2890K, committed 2944K, reserved 1048576K
Event: 1.781 GC heap after
Heap after GC invocations=6 (full 1):
 PSYoungGen      total 140800K, used 0K [0x000000076bb80000, 0x000000077c980000, 0x00000007c0000000)
  eden space 130048K, 0% used [0x000000076bb80000,0x000000076bb80000,0x0000000773a80000)
  from space 10752K, 0% used [0x0000000773a80000,0x0000000773a80000,0x0000000774500000)
  to   space 8192K, 0% used [0x000000077c180000,0x000000077c180000,0x000000077c980000)
 ParOldGen       total 95744K, used 8017K [0x00000006c3200000, 0x00000006c8f80000, 0x000000076bb80000)
  object space 95744K, 8% used [0x00000006c3200000,0x00000006c39d45e8,0x00000006c8f80000)
 Metaspace       used 20755K, capacity 21186K, committed 21296K, reserved 1067008K
  class space    used 2738K, capacity 2889K, committed 2944K, reserved 1048576K
}
Event: 4.294 GC heap before
{Heap before GC invocations=7 (full 1):
 PSYoungGen      total 140800K, used 130048K [0x000000076bb80000, 0x000000077c980000, 0x00000007c0000000)
  eden space 130048K, 100% used [0x000000076bb80000,0x0000000773a80000,0x0000000773a80000)
  from space 10752K, 0% used [0x0000000773a80000,0x0000000773a80000,0x0000000774500000)
  to   space 8192K, 0% used [0x000000077c180000,0x000000077c180000,0x000000077c980000)
 ParOldGen       total 95744K, used 8017K [0x00000006c3200000, 0x00000006c8f80000, 0x000000076bb80000)
  object space 95744K, 8% used [0x00000006c3200000,0x00000006c39d45e8,0x00000006c8f80000)
 Metaspace       used 25941K, capacity 26814K, committed 27136K, reserved 1073152K
  class space    used 3502K, capacity 3741K, committed 3840K, reserved 1048576K
Event: 4.298 GC heap after
Heap after GC invocations=7 (full 1):
 PSYoungGen      total 214016K, used 6564K [0x000000076bb80000, 0x000000077c800000, 0x00000007c0000000)
  eden space 207360K, 0% used [0x000000076bb80000,0x000000076bb80000,0x0000000778600000)
  from space 6656K, 98% used [0x000000077c180000,0x000000077c7e90f0,0x000000077c800000)
  to   space 8192K, 0% used [0x000000077b800000,0x000000077b800000,0x000000077c000000)
 ParOldGen       total 95744K, used 8025K [0x00000006c3200000, 0x00000006c8f80000, 0x000000076bb80000)
  object space 95744K, 8% used [0x00000006c3200000,0x00000006c39d65e8,0x00000006c8f80000)
 Metaspace       used 25941K, capacity 26814K, committed 27136K, reserved 1073152K
  class space    used 3502K, capacity 3741K, committed 3840K, reserved 1048576K
}
Event: 4.936 GC heap before
{Heap before GC invocations=8 (full 1):
 PSYoungGen      total 214016K, used 213924K [0x000000076bb80000, 0x000000077c800000, 0x00000007c0000000)
  eden space 207360K, 100% used [0x000000076bb80000,0x0000000778600000,0x0000000778600000)
  from space 6656K, 98% used [0x000000077c180000,0x000000077c7e90f0,0x000000077c800000)
  to   space 8192K, 0% used [0x000000077b800000,0x000000077b800000,0x000000077c000000)
 ParOldGen       total 95744K, used 8025K [0x00000006c3200000, 0x00000006c8f80000, 0x000000076bb80000)
  object space 95744K, 8% used [0x00000006c3200000,0x00000006c39d65e8,0x00000006c8f80000)
 Metaspace       used 30884K, capacity 31924K, committed 32128K, reserved 1077248K
  class space    used 4206K, capacity 4434K, committed 4480K, reserved 1048576K
Event: 4.945 GC heap after
Heap after GC invocations=8 (full 1):
 PSYoungGen      total 266752K, used 8180K [0x000000076bb80000, 0x0000000781400000, 0x00000007c0000000)
  eden space 258560K, 0% used [0x000000076bb80000,0x000000076bb80000,0x000000077b800000)
  from space 8192K, 99% used [0x000000077b800000,0x000000077bffd030,0x000000077c000000)
  to   space 12288K, 0% used [0x0000000780800000,0x0000000780800000,0x0000000781400000)
 ParOldGen       total 95744K, used 15059K [0x00000006c3200000, 0x00000006c8f80000, 0x000000076bb80000)
  object space 95744K, 15% used [0x00000006c3200000,0x00000006c40b4c38,0x00000006c8f80000)
 Metaspace       used 30884K, capacity 31924K, committed 32128K, reserved 1077248K
  class space    used 4206K, capacity 4434K, committed 4480K, reserved 1048576K
}
Event: 5.243 GC heap before
{Heap before GC invocations=9 (full 1):
 PSYoungGen      total 266752K, used 89741K [0x000000076bb80000, 0x0000000781400000, 0x00000007c0000000)
  eden space 258560K, 31% used [0x000000076bb80000,0x0000000770b264c8,0x000000077b800000)
  from space 8192K, 99% used [0x000000077b800000,0x000000077bffd030,0x000000077c000000)
  to   space 12288K, 0% used [0x0000000780800000,0x0000000780800000,0x0000000781400000)
 ParOldGen       total 95744K, used 15059K [0x00000006c3200000, 0x00000006c8f80000, 0x000000076bb80000)
  object space 95744K, 15% used [0x00000006c3200000,0x00000006c40b4c38,0x00000006c8f80000)
 Metaspace       used 34173K, capacity 35314K, committed 35456K, reserved 1079296K
  class space    used 4612K, capacity 4867K, committed 4992K, reserved 1048576K
Event: 5.251 GC heap after
Heap after GC invocations=9 (full 1):
 PSYoungGen      total 338944K, used 12258K [0x000000076bb80000, 0x0000000786e80000, 0x00000007c0000000)
  eden space 326656K, 0% used [0x000000076bb80000,0x000000076bb80000,0x000000077fa80000)
  from space 12288K, 99% used [0x0000000780800000,0x00000007813f8b60,0x0000000781400000)
  to   space 13824K, 0% used [0x000000077fa80000,0x000000077fa80000,0x0000000780800000)
 ParOldGen       total 95744K, used 15689K [0x00000006c3200000, 0x00000006c8f80000, 0x000000076bb80000)
  object space 95744K, 16% used [0x00000006c3200000,0x00000006c4152788,0x00000006c8f80000)
 Metaspace       used 34173K, capacity 35314K, committed 35456K, reserved 1079296K
  class space    used 4612K, capacity 4867K, committed 4992K, reserved 1048576K
}
Event: 5.251 GC heap before
{Heap before GC invocations=10 (full 2):
 PSYoungGen      total 338944K, used 12258K [0x000000076bb80000, 0x0000000786e80000, 0x00000007c0000000)
  eden space 326656K, 0% used [0x000000076bb80000,0x000000076bb80000,0x000000077fa80000)
  from space 12288K, 99% used [0x0000000780800000,0x00000007813f8b60,0x0000000781400000)
  to   space 13824K, 0% used [0x000000077fa80000,0x000000077fa80000,0x0000000780800000)
 ParOldGen       total 95744K, used 15689K [0x00000006c3200000, 0x00000006c8f80000, 0x000000076bb80000)
  object space 95744K, 16% used [0x00000006c3200000,0x00000006c4152788,0x00000006c8f80000)
 Metaspace       used 34173K, capacity 35314K, committed 35456K, reserved 1079296K
  class space    used 4612K, capacity 4867K, committed 4992K, reserved 1048576K
Event: 5.292 GC heap after
Heap after GC invocations=10 (full 2):
 PSYoungGen      total 338944K, used 0K [0x000000076bb80000, 0x0000000786e80000, 0x00000007c0000000)
  eden space 326656K, 0% used [0x000000076bb80000,0x000000076bb80000,0x000000077fa80000)
  from space 12288K, 0% used [0x0000000780800000,0x0000000780800000,0x0000000781400000)
  to   space 13824K, 0% used [0x000000077fa80000,0x000000077fa80000,0x0000000780800000)
 ParOldGen       total 144384K, used 18366K [0x00000006c3200000, 0x00000006cbf00000, 0x000000076bb80000)
  object space 144384K, 12% used [0x00000006c3200000,0x00000006c43ef868,0x00000006cbf00000)
 Metaspace       used 34173K, capacity 35314K, committed 35456K, reserved 1079296K
  class space    used 4612K, capacity 4867K, committed 4992K, reserved 1048576K
}

Deoptimization events (0 events):
No events

Internal exceptions (10 events):
Event: 7.377 Thread 0x0000000003649000 Exception <a 'java/lang/ArrayIndexOutOfBoundsException'> (0x00000007794a19b0) thrown at [C:\re\workspace\8-2-build-windows-amd64-cygwin\jdk8u45\3457\hotspot\src\share\vm\runtime\sharedRuntime.cpp, line 605]
Event: 7.390 Thread 0x0000000003649000 Exception <a 'java/lang/ArrayIndexOutOfBoundsException'> (0x000000077962e700) thrown at [C:\re\workspace\8-2-build-windows-amd64-cygwin\jdk8u45\3457\hotspot\src\share\vm\runtime\sharedRuntime.cpp, line 605]
Event: 7.394 Thread 0x0000000003649000 Exception <a 'java/lang/ArrayIndexOutOfBoundsException'> (0x000000077966a320) thrown at [C:\re\workspace\8-2-build-windows-amd64-cygwin\jdk8u45\3457\hotspot\src\share\vm\runtime\sharedRuntime.cpp, line 605]
Event: 7.394 Thread 0x0000000003649000 Exception <a 'java/lang/ArrayIndexOutOfBoundsException'> (0x000000077966e6a8) thrown at [C:\re\workspace\8-2-build-windows-amd64-cygwin\jdk8u45\3457\hotspot\src\share\vm\runtime\sharedRuntime.cpp, line 605]
Event: 7.394 Thread 0x0000000003649000 Exception <a 'java/lang/ArrayIndexOutOfBoundsException'> (0x0000000779673f48) thrown at [C:\re\workspace\8-2-build-windows-amd64-cygwin\jdk8u45\3457\hotspot\src\share\vm\runtime\sharedRuntime.cpp, line 605]
Event: 7.396 Thread 0x0000000003649000 Exception <a 'java/security/PrivilegedActionException'> (0x00000007796e9600) thrown at [C:\re\workspace\8-2-build-windows-amd64-cygwin\jdk8u45\3457\hotspot\src\share\vm\prims\jvm.cpp, line 1382]
Event: 7.396 Thread 0x0000000003649000 Exception <a 'java/security/PrivilegedActionException'> (0x00000007796ea118) thrown at [C:\re\workspace\8-2-build-windows-amd64-cygwin\jdk8u45\3457\hotspot\src\share\vm\prims\jvm.cpp, line 1382]
Event: 7.399 Thread 0x0000000003649000 Exception <a 'java/security/PrivilegedActionException'> (0x000000077978c870) thrown at [C:\re\workspace\8-2-build-windows-amd64-cygwin\jdk8u45\3457\hotspot\src\share\vm\prims\jvm.cpp, line 1382]
Event: 7.399 Thread 0x0000000003649000 Exception <a 'java/security/PrivilegedActionException'> (0x000000077978d388) thrown at [C:\re\workspace\8-2-build-windows-amd64-cygwin\jdk8u45\3457\hotspot\src\share\vm\prims\jvm.cpp, line 1382]
Event: 7.454 Thread 0x000000002091a000 Exception <a 'java/lang/reflect/InvocationTargetException'> (0x000000076dda1490) thrown at [C:\re\workspace\8-2-build-windows-amd64-cygwin\jdk8u45\3457\hotspot\src\share\vm\runtime\reflection.cpp, line 1080]

Events (10 events):
Event: 7.472 loading class sun/nio/cs/ext/IBM943 done
Event: 7.472 loading class sun/nio/cs/ext/MS932
Event: 7.472 loading class sun/nio/cs/ext/MS932 done
Event: 7.472 loading class sun/nio/cs/ext/EUC_CN
Event: 7.472 loading class sun/nio/cs/ext/EUC_CN done
Event: 7.473 loading class sun/nio/cs/ext/EUC_JP
Event: 7.473 loading class sun/nio/cs/ext/EUC_JP done
Event: 7.473 loading class sun/nio/cs/ext/EUC_JP_Open
Event: 7.473 loading class sun/nio/cs/ext/EUC_JP_Open done
Event: 7.473 loading class sun/nio/cs/ext/GB18030


Dynamic libraries:
0x00007ff6c5860000 - 0x00007ff6c5897000 	D:\Java\jdk-8u45-windows-x64\bin\java.exe
0x00007ff936cf0000 - 0x00007ff936ee5000 	C:\Windows\SYSTEM32\ntdll.dll
0x00007ff9361a0000 - 0x00007ff93625d000 	C:\Windows\System32\KERNEL32.DLL
0x00007ff9349d0000 - 0x00007ff934c98000 	C:\Windows\System32\KERNELBASE.dll
0x00007ff9363f0000 - 0x00007ff93649c000 	C:\Windows\System32\ADVAPI32.dll
0x00007ff936100000 - 0x00007ff93619e000 	C:\Windows\System32\msvcrt.dll
0x00007ff935bd0000 - 0x00007ff935c6b000 	C:\Windows\System32\sechost.dll
0x00007ff934ef0000 - 0x00007ff93501b000 	C:\Windows\System32\RPCRT4.dll
0x00007ff934d50000 - 0x00007ff934ef0000 	C:\Windows\System32\USER32.dll
0x00007ff9349a0000 - 0x00007ff9349c2000 	C:\Windows\System32\win32u.dll
0x00007ff935020000 - 0x00007ff93504a000 	C:\Windows\System32\GDI32.dll
0x00007ff934430000 - 0x00007ff93453b000 	C:\Windows\System32\gdi32full.dll
0x00007ff9348d0000 - 0x00007ff93496d000 	C:\Windows\System32\msvcp_win.dll
0x00007ff934540000 - 0x00007ff934640000 	C:\Windows\System32\ucrtbase.dll
0x00007ff9135c0000 - 0x00007ff91385a000 	C:\Windows\WinSxS\amd64_microsoft.windows.common-controls_6595b64144ccf1df_6.0.19041.844_none_ca00b6081b84eb1d\COMCTL32.dll
0x00007ff9360d0000 - 0x00007ff936100000 	C:\Windows\System32\IMM32.DLL
0x000000005f6b0000 - 0x000000005f782000 	D:\Java\jdk-8u45-windows-x64\jre\bin\msvcr100.dll
0x000000005d9f0000 - 0x000000005e273000 	D:\Java\jdk-8u45-windows-x64\jre\bin\server\jvm.dll
0x00007ff935c70000 - 0x00007ff935c78000 	C:\Windows\System32\PSAPI.DLL
0x00007ff91dbe0000 - 0x00007ff91dbe9000 	C:\Windows\SYSTEM32\WSOCK32.dll
0x00007ff936260000 - 0x00007ff9362cb000 	C:\Windows\System32\WS2_32.dll
0x00007ff9232e0000 - 0x00007ff923307000 	C:\Windows\SYSTEM32\WINMM.dll
0x00007ff928df0000 - 0x00007ff928dfa000 	C:\Windows\SYSTEM32\VERSION.dll
0x000000005f6a0000 - 0x000000005f6af000 	D:\Java\jdk-8u45-windows-x64\jre\bin\verify.dll
0x000000005f670000 - 0x000000005f699000 	D:\Java\jdk-8u45-windows-x64\jre\bin\java.dll
0x000000005f5a0000 - 0x000000005f5c3000 	D:\Java\jdk-8u45-windows-x64\jre\bin\instrument.dll
0x000000005f650000 - 0x000000005f666000 	D:\Java\jdk-8u45-windows-x64\jre\bin\zip.dll
0x00007ff9353b0000 - 0x00007ff935af2000 	C:\Windows\System32\SHELL32.dll
0x00007ff932120000 - 0x00007ff9328b0000 	C:\Windows\SYSTEM32\windows.storage.dll
0x00007ff935c90000 - 0x00007ff935fe5000 	C:\Windows\System32\combase.dll
0x00007ff933ea0000 - 0x00007ff933ecc000 	C:\Windows\SYSTEM32\Wldp.dll
0x00007ff935b00000 - 0x00007ff935bae000 	C:\Windows\System32\SHCORE.dll
0x00007ff9366a0000 - 0x00007ff9366f5000 	C:\Windows\System32\shlwapi.dll
0x00007ff934370000 - 0x00007ff93438f000 	C:\Windows\SYSTEM32\profapi.dll
0x00007ff92b1c0000 - 0x00007ff92b1da000 	D:\java\IntelliJ IDEA 2021.1\bin\breakgen64.dll
0x000000005f620000 - 0x000000005f63a000 	D:\java\jdk-8u45-windows-x64\jre\bin\net.dll
0x00007ff933c10000 - 0x00007ff933c7a000 	C:\Windows\system32\mswsock.dll
0x00007ff933900000 - 0x00007ff9339cc000 	C:\Windows\SYSTEM32\DNSAPI.dll
0x00007ff9338b0000 - 0x00007ff9338eb000 	C:\Windows\SYSTEM32\IPHLPAPI.DLL
0x00007ff935c80000 - 0x00007ff935c88000 	C:\Windows\System32\NSI.dll
0x00007ff9275b0000 - 0x00007ff9275ba000 	C:\Windows\System32\rasadhlp.dll
0x00007ff925230000 - 0x00007ff9252af000 	C:\Windows\System32\fwpuclnt.dll
0x00007ff934970000 - 0x00007ff934997000 	C:\Windows\System32\bcrypt.dll
0x000000005f640000 - 0x000000005f64d000 	D:\java\jdk-8u45-windows-x64\jre\bin\management.dll
0x000000005f600000 - 0x000000005f611000 	D:\java\jdk-8u45-windows-x64\jre\bin\nio.dll
0x00007ff933df0000 - 0x00007ff933e08000 	C:\Windows\SYSTEM32\CRYPTSP.dll
0x00007ff933540000 - 0x00007ff933574000 	C:\Windows\system32\rsaenh.dll
0x00007ff9342f0000 - 0x00007ff93431e000 	C:\Windows\SYSTEM32\USERENV.dll
0x00007ff934640000 - 0x00007ff9346c0000 	C:\Windows\System32\bcryptprimitives.dll
0x00007ff933de0000 - 0x00007ff933dec000 	C:\Windows\SYSTEM32\CRYPTBASE.dll
0x00007ff929450000 - 0x00007ff929467000 	C:\Windows\SYSTEM32\dhcpcsvc6.DLL
0x00007ff929400000 - 0x00007ff92941d000 	C:\Windows\SYSTEM32\dhcpcsvc.DLL
0x00007ff911aa0000 - 0x00007ff911ab7000 	C:\Windows\system32\napinsp.dll
0x00007ff9119e0000 - 0x00007ff9119fb000 	C:\Windows\system32\pnrpnsp.dll
0x00007ff92b0b0000 - 0x00007ff92b0c5000 	C:\Windows\system32\wshbth.dll
0x00007ff92b130000 - 0x00007ff92b14d000 	C:\Windows\system32\NLAapi.dll
0x00007ff9119c0000 - 0x00007ff9119d2000 	C:\Windows\System32\winrnr.dll

VM Arguments:
jvm_args: -XX:TieredStopAtLevel=1 -Xverify:none -Dspring.output.ansi.enabled=always -javaagent:D:\java\IntelliJ IDEA 2021.1\lib\idea_rt.jar=12429:D:\java\IntelliJ IDEA 2021.1\bin -Dcom.sun.management.jmxremote -Dspring.jmx.enabled=true -Dspring.liveBeansView.mbeanDomain -Dspring.application.admin.enabled=true -Dfile.encoding=UTF-8 
java_command: com.lead.wemedia.WemediaApplication
java_class_path (initial): D:\java\jdk-8u45-windows-x64\jre\lib\charsets.jar;D:\java\jdk-8u45-windows-x64\jre\lib\deploy.jar;D:\java\jdk-8u45-windows-x64\jre\lib\ext\access-bridge-64.jar;D:\java\jdk-8u45-windows-x64\jre\lib\ext\cldrdata.jar;D:\java\jdk-8u45-windows-x64\jre\lib\ext\dnsns.jar;D:\java\jdk-8u45-windows-x64\jre\lib\ext\jaccess.jar;D:\java\jdk-8u45-windows-x64\jre\lib\ext\jfxrt.jar;D:\java\jdk-8u45-windows-x64\jre\lib\ext\localedata.jar;D:\java\jdk-8u45-windows-x64\jre\lib\ext\nashorn.jar;D:\java\jdk-8u45-windows-x64\jre\lib\ext\sunec.jar;D:\java\jdk-8u45-windows-x64\jre\lib\ext\sunjce_provider.jar;D:\java\jdk-8u45-windows-x64\jre\lib\ext\sunmscapi.jar;D:\java\jdk-8u45-windows-x64\jre\lib\ext\sunpkcs11.jar;D:\java\jdk-8u45-windows-x64\jre\lib\ext\zipfs.jar;D:\java\jdk-8u45-windows-x64\jre\lib\javaws.jar;D:\java\jdk-8u45-windows-x64\jre\lib\jce.jar;D:\java\jdk-8u45-windows-x64\jre\lib\jfr.jar;D:\java\jdk-8u45-windows-x64\jre\lib\jfxswt.jar;D:\java\jdk-8u45-windows-x64\jre\lib\jsse.jar;D:\java\jdk-8u45-windows-x64\jre\lib\management-agent.jar;D:\java\jdk-8u45-windows-x64\jre\lib\plugin.jar;D:\java\jdk-8u45-windows-x64\jre\lib\resources.jar;D:\java\jdk-8u45-windows-x64\jre\lib\rt.jar;D:\java\ProjectLibrary\leadnews\leadnews-wemedia\target\classes;D:\java\ProjectLibrary\leadnews\leadnews-model\target\classes;D:\java\maven_repository\mysql\mysql-connector-java\5.1.46\mysql-connector-java-5.1.46.jar;D:\java\maven_repository\org\mybatis\mybatis\3.5.1\mybatis-3.5.1.jar;D:\java\maven_repository\org\apache\commons\commons-lang3\3.5\commons-lang3-3.5.jar;D:\java\maven_repository\com\baomidou\mybatis-plus-boot-starter\3.1.1\mybatis-plus-boot-starter-3.1.1.jar;D:\java\maven_repository\com\baomidou\mybatis-plus\3.1.1\mybatis-plus-3.1.1.jar;D:\java\maven_repository\com\baomidou\mybatis-plus-extension\3.1.1\mybatis-plus-extension-3.1.1.jar;D:\java\maven_repository\com\baomidou\mybatis-plus-core\3.1.1\mybatis-plus-core-3.1.1.jar;D:\java\maven_repository\com\baomidou\myb
Launcher Type: SUN_STANDARD

Environment Variables:
JAVA_HOME=D:\java\jdk-8u45-windows-x64
PATH=D:\java\jdk-8u45-windows-x64\bin;C:\ProgramData\Oracle\Java\javapath;C:\Windows\system32;C:\Windows;C:\Windows\System32\Wbem;C:\Windows\System32\WindowsPowerShell\v1.0\;C:\Windows\System32\OpenSSH\;D:\Program Files\MariaDB 10.5\bin;D:\Program Files (x86)\Git\cmd;D:\java\apache-maven-3.5.2\bin;D:\java\MySQL\MySQL Server 5.5\bin;d:\Program Files\TortoiseGit\bin;D:\Program Files\Clients\;d:\Program Files\nodejs\;C:\Users\90937\AppData\Local\Microsoft\WindowsApps;C:\Users\90937\AppData\Roaming\npm
USERNAME=90937
OS=Windows_NT
PROCESSOR_IDENTIFIER=Intel64 Family 6 Model 140 Stepping 1, GenuineIntel



---------------  S Y S T E M  ---------------

OS: Windows 10.0 , 64 bit Build 19041 (10.0.19041.928)

CPU:total 8 (4 cores per cpu, 2 threads per core) family 6 model 140 stepping 1, cmov, cx8, fxsr, mmx, sse, sse2, sse3, ssse3, sse4.1, sse4.2, popcnt, avx, avx2, aes, clmul, erms, 3dnowpref, lzcnt, ht, tsc, tscinvbit, bmi1, bmi2, adx

Memory: 4k page, physical 16571704k(1126928k free), swap 29678900k(5252k free)

vm_info: Java HotSpot(TM) 64-Bit Server VM (25.45-b02) for windows-amd64 JRE (1.8.0_45-b14), built on Apr 10 2015 10:34:15 by "java_re" with MS VC++ 10.0 (VS2010)

time: Mon May 31 20:27:22 2021
elapsed time: 7 seconds (0d 0h 0m 7s)

