#
# There is insufficient memory for the Java Runtime Environment to continue.
# Native memory allocation (malloc) failed to allocate 32744 bytes for ChunkPool::allocate
# Possible reasons:
#   The system is out of physical RAM or swap space
#   In 32 bit mode, the process size limit was hit
# Possible solutions:
#   Reduce memory load on the system
#   Increase physical memory or swap space
#   Check if swap backing store is full
#   Use 64 bit Java on a 64 bit OS
#   Decrease Java heap size (-Xmx/-Xms)
#   Decrease number of Java threads
#   Decrease Java thread stack sizes (-Xss)
#   Set larger code cache with -XX:ReservedCodeCacheSize=
# This output file may be truncated or incomplete.
#
#  Out of Memory Error (allocation.cpp:273), pid=2464, tid=12112
#
# JRE version: Java(TM) SE Runtime Environment (8.0_45-b14) (build 1.8.0_45-b14)
# Java VM: Java HotSpot(TM) 64-Bit Server VM (25.45-b02 mixed mode windows-amd64 compressed oops)
# Failed to write core dump. Minidumps are not enabled by default on client versions of Windows
#

---------------  T H R E A D  ---------------

Current thread (0x000000000293b000):  JavaThread "main" [_thread_in_vm, id=12112, stack(0x0000000002830000,0x0000000002930000)]

Stack: [0x0000000002830000,0x0000000002930000]
Native frames: (J=compiled Java code, j=interpreted, Vv=VM code, C=native code)
V  [jvm.dll+0x32b57a]
V  [jvm.dll+0x279873]
V  [jvm.dll+0x27a509]
V  [jvm.dll+0x271825]
V  [jvm.dll+0xcb804]
V  [jvm.dll+0xcba27]
V  [jvm.dll+0xcbeac]
V  [jvm.dll+0x4e220]
V  [jvm.dll+0x4e48c]
V  [jvm.dll+0x63683]
V  [jvm.dll+0x64f7a]
V  [jvm.dll+0x653ae]
V  [jvm.dll+0x5db29]
V  [jvm.dll+0x7b175]
V  [jvm.dll+0x190331]
V  [jvm.dll+0x1906cb]
C  [java.dll+0x1e58]
C  0x0000000002e2e01d

Java frames: (J=compiled Java code, j=interpreted, Vv=VM code)
J 879  java.lang.ClassLoader.defineClass1(Ljava/lang/String;[BIILjava/security/ProtectionDomain;Ljava/lang/String;)Ljava/lang/Class; (0 bytes) @ 0x0000000002e2df9f [0x0000000002e2df00+0x9f]
J 607 C1 java.lang.ClassLoader.defineClass(Ljava/lang/String;[BIILjava/security/ProtectionDomain;)Ljava/lang/Class; (43 bytes) @ 0x0000000002dcc8ac [0x0000000002dcc7a0+0x10c]
J 609 C1 java.net.URLClassLoader.defineClass(Ljava/lang/String;Lsun/misc/Resource;)Ljava/lang/Class; (142 bytes) @ 0x0000000002dcdee4 [0x0000000002dcd500+0x9e4]
J 573 C1 java.net.URLClassLoader$1.run()Ljava/lang/Class; (63 bytes) @ 0x0000000002dbcb0c [0x0000000002dbca40+0xcc]
J 572 C1 java.net.URLClassLoader$1.run()Ljava/lang/Object; (5 bytes) @ 0x0000000002dbc714 [0x0000000002dbc6e0+0x34]
v  ~StubRoutines::call_stub
J 571  java.security.AccessController.doPrivileged(Ljava/security/PrivilegedExceptionAction;Ljava/security/AccessControlContext;)Ljava/lang/Object; (0 bytes) @ 0x0000000002dbbb26 [0x0000000002dbbac0+0x66]
J 538 C1 java.net.URLClassLoader.findClass(Ljava/lang/String;)Ljava/lang/Class; (47 bytes) @ 0x0000000002db1d84 [0x0000000002db1cc0+0xc4]
J 492 C1 java.lang.ClassLoader.loadClass(Ljava/lang/String;Z)Ljava/lang/Class; (122 bytes) @ 0x0000000002d9b9b4 [0x0000000002d9b6a0+0x314]
J 566 C1 sun.misc.Launcher$AppClassLoader.loadClass(Ljava/lang/String;Z)Ljava/lang/Class; (85 bytes) @ 0x0000000002dba594 [0x0000000002dba2a0+0x2f4]
J 562 C1 java.lang.ClassLoader.loadClass(Ljava/lang/String;)Ljava/lang/Class; (7 bytes) @ 0x0000000002db9864 [0x0000000002db9820+0x44]
v  ~StubRoutines::call_stub
J 2538  java.lang.Class.getDeclaredMethods0(Z)[Ljava/lang/reflect/Method; (0 bytes) @ 0x0000000003132bfb [0x0000000003132bc0+0x3b]
J 1152 C1 java.lang.Class.privateGetDeclaredMethods(Z)[Ljava/lang/reflect/Method; (67 bytes) @ 0x0000000002e9868c [0x0000000002e98580+0x10c]
J 2911 C1 org.springframework.util.ReflectionUtils.getDeclaredMethods(Ljava/lang/Class;)[Ljava/lang/reflect/Method; (186 bytes) @ 0x00000000031e7e64 [0x00000000031e7ca0+0x1c4]
J 3629 C1 org.springframework.util.ReflectionUtils.doWithLocalMethods(Ljava/lang/Class;Lorg/springframework/util/ReflectionUtils$MethodCallback;)V (88 bytes) @ 0x0000000003332e1c [0x0000000003332e00+0x1c]
j  org.springframework.beans.factory.annotation.InitDestroyAnnotationBeanPostProcessor.buildLifecycleMetadata(Ljava/lang/Class;)Lorg/springframework/beans/factory/annotation/InitDestroyAnnotationBeanPostProcessor$LifecycleMetadata;+50
J 3948 C1 org.springframework.beans.factory.annotation.InitDestroyAnnotationBeanPostProcessor.findLifecycleMetadata(Ljava/lang/Class;)Lorg/springframework/beans/factory/annotation/InitDestroyAnnotationBeanPostProcessor$LifecycleMetadata; (87 bytes) @ 0x00000000033b52e4 [0x00000000033b5100+0x1e4]
j  org.springframework.beans.factory.annotation.InitDestroyAnnotationBeanPostProcessor.postProcessMergedBeanDefinition(Lorg/springframework/beans/factory/support/RootBeanDefinition;Ljava/lang/Class;Ljava/lang/String;)V+2
j  org.springframework.context.annotation.CommonAnnotationBeanPostProcessor.postProcessMergedBeanDefinition(Lorg/springframework/beans/factory/support/RootBeanDefinition;Ljava/lang/Class;Ljava/lang/String;)V+4
J 4034 C1 org.springframework.beans.factory.support.AbstractAutowireCapableBeanFactory.applyMergedBeanDefinitionPostProcessors(Lorg/springframework/beans/factory/support/RootBeanDefinition;Ljava/lang/Class;Ljava/lang/String;)V (62 bytes) @ 0x00000000033d602c [0x00000000033d5ea0+0x18c]
j  org.springframework.beans.factory.support.AbstractAutowireCapableBeanFactory.doCreateBean(Ljava/lang/String;Lorg/springframework/beans/factory/support/RootBeanDefinition;[Ljava/lang/Object;)Ljava/lang/Object;+90
j  org.springframework.beans.factory.support.AbstractAutowireCapableBeanFactory.createBean(Ljava/lang/String;Lorg/springframework/beans/factory/support/RootBeanDefinition;[Ljava/lang/Object;)Ljava/lang/Object;+169
j  org.springframework.beans.factory.support.AbstractBeanFactory.lambda$doGetBean$0(Ljava/lang/String;Lorg/springframework/beans/factory/support/RootBeanDefinition;[Ljava/lang/Object;)Ljava/lang/Object;+4
j  org.springframework.beans.factory.support.AbstractBeanFactory$$Lambda$137.getObject()Ljava/lang/Object;+16
j  org.springframework.beans.factory.support.DefaultSingletonBeanRegistry.getSingleton(Ljava/lang/String;Lorg/springframework/beans/factory/ObjectFactory;)Ljava/lang/Object;+132
J 2793 C1 org.springframework.beans.factory.support.AbstractBeanFactory.doGetBean(Ljava/lang/String;Ljava/lang/Class;[Ljava/lang/Object;Z)Ljava/lang/Object; (833 bytes) @ 0x00000000031aa39c [0x00000000031a9dc0+0x5dc]
j  org.springframework.beans.factory.support.AbstractBeanFactory.getBean(Ljava/lang/String;)Ljava/lang/Object;+5
j  org.springframework.beans.factory.config.DependencyDescriptor.resolveCandidate(Ljava/lang/String;Ljava/lang/Class;Lorg/springframework/beans/factory/BeanFactory;)Ljava/lang/Object;+2
j  org.springframework.beans.factory.support.DefaultListableBeanFactory.addCandidateEntry(Ljava/util/Map;Ljava/lang/String;Lorg/springframework/beans/factory/config/DependencyDescriptor;Ljava/lang/Class;)V+12
j  org.springframework.beans.factory.support.DefaultListableBeanFactory.findAutowireCandidates(Ljava/lang/String;Ljava/lang/Class;Lorg/springframework/beans/factory/config/DependencyDescriptor;)Ljava/util/Map;+183
j  org.springframework.beans.factory.support.DefaultListableBeanFactory.resolveMultipleBeans(Lorg/springframework/beans/factory/config/DependencyDescriptor;Ljava/lang/String;Ljava/util/Set;Lorg/springframework/beans/TypeConverter;)Ljava/lang/Object;+510
j  org.springframework.beans.factory.support.DefaultListableBeanFactory.doResolveDependency(Lorg/springframework/beans/factory/config/DependencyDescriptor;Ljava/lang/String;Ljava/util/Set;Lorg/springframework/beans/TypeConverter;)Ljava/lang/Object;+207
j  org.springframework.beans.factory.support.DefaultListableBeanFactory.resolveDependency(Lorg/springframework/beans/factory/config/DependencyDescriptor;Ljava/lang/String;Ljava/util/Set;Lorg/springframework/beans/TypeConverter;)Ljava/lang/Object;+108
j  org.springframework.beans.factory.support.ConstructorResolver.resolveAutowiredArgument(Lorg/springframework/core/MethodParameter;Ljava/lang/String;Ljava/util/Set;Lorg/springframework/beans/TypeConverter;Z)Ljava/lang/Object;+79
j  org.springframework.beans.factory.support.ConstructorResolver.createArgumentArray(Ljava/lang/String;Lorg/springframework/beans/factory/support/RootBeanDefinition;Lorg/springframework/beans/factory/config/ConstructorArgumentValues;Lorg/springframework/beans/BeanWrapper;[Ljava/lang/Class;[Ljava/lang/String;Ljava/lang/reflect/Executable;ZZ)Lorg/springframework/beans/factory/support/ConstructorResolver$ArgumentsHolder;+434
j  org.springframework.beans.factory.support.ConstructorResolver.autowireConstructor(Ljava/lang/String;Lorg/springframework/beans/factory/support/RootBeanDefinition;[Ljava/lang/reflect/Constructor;[Ljava/lang/Object;)Lorg/springframework/beans/BeanWrapper;+542
j  org.springframework.beans.factory.support.AbstractAutowireCapableBeanFactory.autowireConstructor(Ljava/lang/String;Lorg/springframework/beans/factory/support/RootBeanDefinition;[Ljava/lang/reflect/Constructor;[Ljava/lang/Object;)Lorg/springframework/beans/BeanWrapper;+13
j  org.springframework.beans.factory.support.AbstractAutowireCapableBeanFactory.createBeanInstance(Ljava/lang/String;Lorg/springframework/beans/factory/support/RootBeanDefinition;[Ljava/lang/Object;)Lorg/springframework/beans/BeanWrapper;+221
j  org.springframework.beans.factory.support.AbstractAutowireCapableBeanFactory.doCreateBean(Ljava/lang/String;Lorg/springframework/beans/factory/support/RootBeanDefinition;[Ljava/lang/Object;)Ljava/lang/Object;+34
j  org.springframework.beans.factory.support.AbstractAutowireCapableBeanFactory.createBean(Ljava/lang/String;Lorg/springframework/beans/factory/support/RootBeanDefinition;[Ljava/lang/Object;)Ljava/lang/Object;+169
j  org.springframework.beans.factory.support.AbstractBeanFactory.lambda$doGetBean$0(Ljava/lang/String;Lorg/springframework/beans/factory/support/RootBeanDefinition;[Ljava/lang/Object;)Ljava/lang/Object;+4
j  org.springframework.beans.factory.support.AbstractBeanFactory$$Lambda$137.getObject()Ljava/lang/Object;+16
j  org.springframework.beans.factory.support.DefaultSingletonBeanRegistry.getSingleton(Ljava/lang/String;Lorg/springframework/beans/factory/ObjectFactory;)Ljava/lang/Object;+132
J 2793 C1 org.springframework.beans.factory.support.AbstractBeanFactory.doGetBean(Ljava/lang/String;Ljava/lang/Class;[Ljava/lang/Object;Z)Ljava/lang/Object; (833 bytes) @ 0x00000000031aa39c [0x00000000031a9dc0+0x5dc]
j  org.springframework.beans.factory.support.AbstractBeanFactory.getBean(Ljava/lang/String;)Ljava/lang/Object;+5
j  org.springframework.beans.factory.support.ConstructorResolver.instantiateUsingFactoryMethod(Ljava/lang/String;Lorg/springframework/beans/factory/support/RootBeanDefinition;[Ljava/lang/Object;)Lorg/springframework/beans/BeanWrapper;+59
j  org.springframework.beans.factory.support.AbstractAutowireCapableBeanFactory.instantiateUsingFactoryMethod(Ljava/lang/String;Lorg/springframework/beans/factory/support/RootBeanDefinition;[Ljava/lang/Object;)Lorg/springframework/beans/BeanWrapper;+11
j  org.springframework.beans.factory.support.AbstractAutowireCapableBeanFactory.createBeanInstance(Ljava/lang/String;Lorg/springframework/beans/factory/support/RootBeanDefinition;[Ljava/lang/Object;)Lorg/springframework/beans/BeanWrapper;+101
j  org.springframework.beans.factory.support.AbstractAutowireCapableBeanFactory.doCreateBean(Ljava/lang/String;Lorg/springframework/beans/factory/support/RootBeanDefinition;[Ljava/lang/Object;)Ljava/lang/Object;+34
j  org.springframework.beans.factory.support.AbstractAutowireCapableBeanFactory.createBean(Ljava/lang/String;Lorg/springframework/beans/factory/support/RootBeanDefinition;[Ljava/lang/Object;)Ljava/lang/Object;+169
j  org.springframework.beans.factory.support.AbstractBeanFactory.lambda$doGetBean$0(Ljava/lang/String;Lorg/springframework/beans/factory/support/RootBeanDefinition;[Ljava/lang/Object;)Ljava/lang/Object;+4
j  org.springframework.beans.factory.support.AbstractBeanFactory$$Lambda$137.getObject()Ljava/lang/Object;+16
j  org.springframework.beans.factory.support.DefaultSingletonBeanRegistry.getSingleton(Ljava/lang/String;Lorg/springframework/beans/factory/ObjectFactory;)Ljava/lang/Object;+132
J 2793 C1 org.springframework.beans.factory.support.AbstractBeanFactory.doGetBean(Ljava/lang/String;Ljava/lang/Class;[Ljava/lang/Object;Z)Ljava/lang/Object; (833 bytes) @ 0x00000000031aa39c [0x00000000031a9dc0+0x5dc]
j  org.springframework.beans.factory.support.AbstractBeanFactory.getBean(Ljava/lang/String;)Ljava/lang/Object;+5
j  org.springframework.beans.factory.support.DefaultListableBeanFactory.getBeansOfType(Ljava/lang/Class;ZZ)Ljava/util/Map;+50
j  org.springframework.beans.factory.support.DefaultListableBeanFactory.getBeansOfType(Ljava/lang/Class;)Ljava/util/Map;+4
j  org.springframework.context.support.AbstractApplicationContext.getBeansOfType(Ljava/lang/Class;)Ljava/util/Map;+9
j  org.springframework.boot.actuate.autoconfigure.health.HealthIndicatorRegistryBeans$ReactiveHealthIndicators.get(Lorg/springframework/context/ApplicationContext;)Ljava/util/Map;+11
j  org.springframework.boot.actuate.autoconfigure.health.HealthIndicatorRegistryBeans.get(Lorg/springframework/context/ApplicationContext;)Lorg/springframework/boot/actuate/health/HealthIndicatorRegistry;+40
j  org.springframework.boot.actuate.autoconfigure.health.HealthIndicatorAutoConfiguration.healthIndicatorRegistry(Lorg/springframework/context/ApplicationContext;)Lorg/springframework/boot/actuate/health/HealthIndicatorRegistry;+1
j  org.springframework.boot.actuate.autoconfigure.health.HealthIndicatorAutoConfiguration$$EnhancerBySpringCGLIB$$50386088.CGLIB$healthIndicatorRegistry$1(Lorg/springframework/context/ApplicationContext;)Lorg/springframework/boot/actuate/health/HealthIndicatorRegistry;+2
j  org.springframework.boot.actuate.autoconfigure.health.HealthIndicatorAutoConfiguration$$EnhancerBySpringCGLIB$$50386088$$FastClassBySpringCGLIB$$19107918.invoke(ILjava/lang/Object;[Ljava/lang/Object;)Ljava/lang/Object;+166
j  org.springframework.cglib.proxy.MethodProxy.invokeSuper(Ljava/lang/Object;[Ljava/lang/Object;)Ljava/lang/Object;+19
j  org.springframework.context.annotation.ConfigurationClassEnhancer$BeanMethodInterceptor.intercept(Ljava/lang/Object;Ljava/lang/reflect/Method;[Ljava/lang/Object;Lorg/springframework/cglib/proxy/MethodProxy;)Ljava/lang/Object;+207
j  org.springframework.boot.actuate.autoconfigure.health.HealthIndicatorAutoConfiguration$$EnhancerBySpringCGLIB$$50386088.healthIndicatorRegistry(Lorg/springframework/context/ApplicationContext;)Lorg/springframework/boot/actuate/health/HealthIndicatorRegistry;+36
v  ~StubRoutines::call_stub
J 1789  sun.reflect.NativeMethodAccessorImpl.invoke0(Ljava/lang/reflect/Method;Ljava/lang/Object;[Ljava/lang/Object;)Ljava/lang/Object; (0 bytes) @ 0x0000000002fa897f [0x0000000002fa8900+0x7f]
J 1788 C1 sun.reflect.NativeMethodAccessorImpl.invoke(Ljava/lang/Object;[Ljava/lang/Object;)Ljava/lang/Object; (104 bytes) @ 0x0000000002fa9114 [0x0000000002fa8d60+0x3b4]
J 1293 C1 sun.reflect.DelegatingMethodAccessorImpl.invoke(Ljava/lang/Object;[Ljava/lang/Object;)Ljava/lang/Object; (10 bytes) @ 0x0000000002ecb9a4 [0x0000000002ecb960+0x44]
J 1292 C1 java.lang.reflect.Method.invoke(Ljava/lang/Object;[Ljava/lang/Object;)Ljava/lang/Object; (62 bytes) @ 0x0000000002ecb5cc [0x0000000002ecb4e0+0xec]
j  org.springframework.beans.factory.support.SimpleInstantiationStrategy.instantiate(Lorg/springframework/beans/factory/support/RootBeanDefinition;Ljava/lang/String;Lorg/springframework/beans/factory/BeanFactory;Ljava/lang/Object;Ljava/lang/reflect/Method;[Ljava/lang/Object;)Ljava/lang/Object;+50
j  org.springframework.beans.factory.support.ConstructorResolver.instantiate(Ljava/lang/String;Lorg/springframework/beans/factory/support/RootBeanDefinition;Ljava/lang/Object;Ljava/lang/reflect/Method;[Ljava/lang/Object;)Ljava/lang/Object;+48
j  org.springframework.beans.factory.support.ConstructorResolver.instantiateUsingFactoryMethod(Ljava/lang/String;Lorg/springframework/beans/factory/support/RootBeanDefinition;[Ljava/lang/Object;)Lorg/springframework/beans/BeanWrapper;+1479
j  org.springframework.beans.factory.support.AbstractAutowireCapableBeanFactory.instantiateUsingFactoryMethod(Ljava/lang/String;Lorg/springframework/beans/factory/support/RootBeanDefinition;[Ljava/lang/Object;)Lorg/springframework/beans/BeanWrapper;+11
j  org.springframework.beans.factory.support.AbstractAutowireCapableBeanFactory.createBeanInstance(Ljava/lang/String;Lorg/springframework/beans/factory/support/RootBeanDefinition;[Ljava/lang/Object;)Lorg/springframework/beans/BeanWrapper;+101
j  org.springframework.beans.factory.support.AbstractAutowireCapableBeanFactory.doCreateBean(Ljava/lang/String;Lorg/springframework/beans/factory/support/RootBeanDefinition;[Ljava/lang/Object;)Ljava/lang/Object;+34
j  org.springframework.beans.factory.support.AbstractAutowireCapableBeanFactory.createBean(Ljava/lang/String;Lorg/springframework/beans/factory/support/RootBeanDefinition;[Ljava/lang/Object;)Ljava/lang/Object;+169
j  org.springframework.beans.factory.support.AbstractBeanFactory.lambda$doGetBean$0(Ljava/lang/String;Lorg/springframework/beans/factory/support/RootBeanDefinition;[Ljava/lang/Object;)Ljava/lang/Object;+4
j  org.springframework.beans.factory.support.AbstractBeanFactory$$Lambda$137.getObject()Ljava/lang/Object;+16
j  org.springframework.beans.factory.support.DefaultSingletonBeanRegistry.getSingleton(Ljava/lang/String;Lorg/springframework/beans/factory/ObjectFactory;)Ljava/lang/Object;+132
J 2793 C1 org.springframework.beans.factory.support.AbstractBeanFactory.doGetBean(Ljava/lang/String;Ljava/lang/Class;[Ljava/lang/Object;Z)Ljava/lang/Object; (833 bytes) @ 0x00000000031aa39c [0x00000000031a9dc0+0x5dc]
j  org.springframework.beans.factory.support.AbstractBeanFactory.getBean(Ljava/lang/String;)Ljava/lang/Object;+5
j  org.springframework.beans.factory.config.DependencyDescriptor.resolveCandidate(Ljava/lang/String;Ljava/lang/Class;Lorg/springframework/beans/factory/BeanFactory;)Ljava/lang/Object;+2
j  org.springframework.beans.factory.support.DefaultListableBeanFactory.doResolveDependency(Lorg/springframework/beans/factory/config/DependencyDescriptor;Ljava/lang/String;Ljava/util/Set;Lorg/springframework/beans/TypeConverter;)Ljava/lang/Object;+440
j  org.springframework.beans.factory.support.DefaultListableBeanFactory.resolveDependency(Lorg/springframework/beans/factory/config/DependencyDescriptor;Ljava/lang/String;Ljava/util/Set;Lorg/springframework/beans/TypeConverter;)Ljava/lang/Object;+108
j  org.springframework.beans.factory.support.ConstructorResolver.resolveAutowiredArgument(Lorg/springframework/core/MethodParameter;Ljava/lang/String;Ljava/util/Set;Lorg/springframework/beans/TypeConverter;Z)Ljava/lang/Object;+79
j  org.springframework.beans.factory.support.ConstructorResolver.createArgumentArray(Ljava/lang/String;Lorg/springframework/beans/factory/support/RootBeanDefinition;Lorg/springframework/beans/factory/config/ConstructorArgumentValues;Lorg/springframework/beans/BeanWrapper;[Ljava/lang/Class;[Ljava/lang/String;Ljava/lang/reflect/Executable;ZZ)Lorg/springframework/beans/factory/support/ConstructorResolver$ArgumentsHolder;+434
j  org.springframework.beans.factory.support.ConstructorResolver.instantiateUsingFactoryMethod(Ljava/lang/String;Lorg/springframework/beans/factory/support/RootBeanDefinition;[Ljava/lang/Object;)Lorg/springframework/beans/BeanWrapper;+674
j  org.springframework.beans.factory.support.AbstractAutowireCapableBeanFactory.instantiateUsingFactoryMethod(Ljava/lang/String;Lorg/springframework/beans/factory/support/RootBeanDefinition;[Ljava/lang/Object;)Lorg/springframework/beans/BeanWrapper;+11
j  org.springframework.beans.factory.support.AbstractAutowireCapableBeanFactory.createBeanInstance(Ljava/lang/String;Lorg/springframework/beans/factory/support/RootBeanDefinition;[Ljava/lang/Object;)Lorg/springframework/beans/BeanWrapper;+101
j  org.springframework.beans.factory.support.AbstractAutowireCapableBeanFactory.doCreateBean(Ljava/lang/String;Lorg/springframework/beans/factory/support/RootBeanDefinition;[Ljava/lang/Object;)Ljava/lang/Object;+34
j  org.springframework.beans.factory.support.AbstractAutowireCapableBeanFactory.createBean(Ljava/lang/String;Lorg/springframework/beans/factory/support/RootBeanDefinition;[Ljava/lang/Object;)Ljava/lang/Object;+169
j  org.springframework.beans.factory.support.AbstractBeanFactory.lambda$doGetBean$0(Ljava/lang/String;Lorg/springframework/beans/factory/support/RootBeanDefinition;[Ljava/lang/Object;)Ljava/lang/Object;+4
j  org.springframework.beans.factory.support.AbstractBeanFactory$$Lambda$137.getObject()Ljava/lang/Object;+16
j  org.springframework.beans.factory.support.DefaultSingletonBeanRegistry.getSingleton(Ljava/lang/String;Lorg/springframework/beans/factory/ObjectFactory;)Ljava/lang/Object;+132
J 2793 C1 org.springframework.beans.factory.support.AbstractBeanFactory.doGetBean(Ljava/lang/String;Ljava/lang/Class;[Ljava/lang/Object;Z)Ljava/lang/Object; (833 bytes) @ 0x00000000031aa39c [0x00000000031a9dc0+0x5dc]
j  org.springframework.beans.factory.support.AbstractBeanFactory.getBean(Ljava/lang/String;)Ljava/lang/Object;+5
j  org.springframework.context.support.AbstractApplicationContext.getBean(Ljava/lang/String;)Ljava/lang/Object;+9
j  org.springframework.boot.actuate.endpoint.annotation.EndpointDiscoverer.createEndpointBean(Ljava/lang/String;)Lorg/springframework/boot/actuate/endpoint/annotation/EndpointDiscoverer$EndpointBean;+5
j  org.springframework.boot.actuate.endpoint.annotation.EndpointDiscoverer.createEndpointBeans()Ljava/util/Collection;+51
j  org.springframework.boot.actuate.endpoint.annotation.EndpointDiscoverer.discoverEndpoints()Ljava/util/Collection;+1
j  org.springframework.boot.actuate.endpoint.annotation.EndpointDiscoverer.getEndpoints()Ljava/util/Collection;+9
j  org.springframework.boot.actuate.autoconfigure.endpoint.web.ServletEndpointManagementContextConfiguration$WebMvcServletEndpointManagementContextConfiguration.servletEndpointRegistrar(Lorg/springframework/boot/actuate/autoconfigure/endpoint/web/WebEndpointProperties;Lorg/springframework/boot/actuate/endpoint/web/annotation/ServletEndpointsSupplier;)Lorg/springframework/boot/actuate/endpoint/web/ServletEndpointRegistrar;+30
j  org.springframework.boot.actuate.autoconfigure.endpoint.web.ServletEndpointManagementContextConfiguration$WebMvcServletEndpointManagementContextConfiguration$$EnhancerBySpringCGLIB$$fcea9ca3.CGLIB$servletEndpointRegistrar$0(Lorg/springframework/boot/actuate/autoconfigure/endpoint/web/WebEndpointProperties;Lorg/springframework/boot/actuate/endpoint/web/annotation/ServletEndpointsSupplier;)Lorg/springframework/boot/actuate/endpoint/web/ServletEndpointRegistrar;+3
j  org.springframework.boot.actuate.autoconfigure.endpoint.web.ServletEndpointManagementContextConfiguration$WebMvcServletEndpointManagementContextConfiguration$$EnhancerBySpringCGLIB$$fcea9ca3$$FastClassBySpringCGLIB$$849f0198.invoke(ILjava/lang/Object;[Ljava/lang/Object;)Ljava/lang/Object;+150
j  org.springframework.cglib.proxy.MethodProxy.invokeSuper(Ljava/lang/Object;[Ljava/lang/Object;)Ljava/lang/Object;+19
j  org.springframework.context.annotation.ConfigurationClassEnhancer$BeanMethodInterceptor.intercept(Ljava/lang/Object;Ljava/lang/reflect/Method;[Ljava/lang/Object;Lorg/springframework/cglib/proxy/MethodProxy;)Ljava/lang/Object;+207
j  org.springframework.boot.actuate.autoconfigure.endpoint.web.ServletEndpointManagementContextConfiguration$WebMvcServletEndpointManagementContextConfiguration$$EnhancerBySpringCGLIB$$fcea9ca3.servletEndpointRegistrar(Lorg/springframework/boot/actuate/autoconfigure/endpoint/web/WebEndpointProperties;Lorg/springframework/boot/actuate/endpoint/web/annotation/ServletEndpointsSupplier;)Lorg/springframework/boot/actuate/endpoint/web/ServletEndpointRegistrar;+40
v  ~StubRoutines::call_stub
J 1789  sun.reflect.NativeMethodAccessorImpl.invoke0(Ljava/lang/reflect/Method;Ljava/lang/Object;[Ljava/lang/Object;)Ljava/lang/Object; (0 bytes) @ 0x0000000002fa897f [0x0000000002fa8900+0x7f]
J 1788 C1 sun.reflect.NativeMethodAccessorImpl.invoke(Ljava/lang/Object;[Ljava/lang/Object;)Ljava/lang/Object; (104 bytes) @ 0x0000000002fa9114 [0x0000000002fa8d60+0x3b4]
J 1293 C1 sun.reflect.DelegatingMethodAccessorImpl.invoke(Ljava/lang/Object;[Ljava/lang/Object;)Ljava/lang/Object; (10 bytes) @ 0x0000000002ecb9a4 [0x0000000002ecb960+0x44]
J 1292 C1 java.lang.reflect.Method.invoke(Ljava/lang/Object;[Ljava/lang/Object;)Ljava/lang/Object; (62 bytes) @ 0x0000000002ecb5cc [0x0000000002ecb4e0+0xec]
j  org.springframework.beans.factory.support.SimpleInstantiationStrategy.instantiate(Lorg/springframework/beans/factory/support/RootBeanDefinition;Ljava/lang/String;Lorg/springframework/beans/factory/BeanFactory;Ljava/lang/Object;Ljava/lang/reflect/Method;[Ljava/lang/Object;)Ljava/lang/Object;+50
j  org.springframework.beans.factory.support.ConstructorResolver.instantiate(Ljava/lang/String;Lorg/springframework/beans/factory/support/RootBeanDefinition;Ljava/lang/Object;Ljava/lang/reflect/Method;[Ljava/lang/Object;)Ljava/lang/Object;+48
j  org.springframework.beans.factory.support.ConstructorResolver.instantiateUsingFactoryMethod(Ljava/lang/String;Lorg/springframework/beans/factory/support/RootBeanDefinition;[Ljava/lang/Object;)Lorg/springframework/beans/BeanWrapper;+1479
j  org.springframework.beans.factory.support.AbstractAutowireCapableBeanFactory.instantiateUsingFactoryMethod(Ljava/lang/String;Lorg/springframework/beans/factory/support/RootBeanDefinition;[Ljava/lang/Object;)Lorg/springframework/beans/BeanWrapper;+11
j  org.springframework.beans.factory.support.AbstractAutowireCapableBeanFactory.createBeanInstance(Ljava/lang/String;Lorg/springframework/beans/factory/support/RootBeanDefinition;[Ljava/lang/Object;)Lorg/springframework/beans/BeanWrapper;+101
j  org.springframework.beans.factory.support.AbstractAutowireCapableBeanFactory.doCreateBean(Ljava/lang/String;Lorg/springframework/beans/factory/support/RootBeanDefinition;[Ljava/lang/Object;)Ljava/lang/Object;+34
j  org.springframework.beans.factory.support.AbstractAutowireCapableBeanFactory.createBean(Ljava/lang/String;Lorg/springframework/beans/factory/support/RootBeanDefinition;[Ljava/lang/Object;)Ljava/lang/Object;+169
j  org.springframework.beans.factory.support.AbstractBeanFactory.lambda$doGetBean$0(Ljava/lang/String;Lorg/springframework/beans/factory/support/RootBeanDefinition;[Ljava/lang/Object;)Ljava/lang/Object;+4
j  org.springframework.beans.factory.support.AbstractBeanFactory$$Lambda$137.getObject()Ljava/lang/Object;+16
j  org.springframework.beans.factory.support.DefaultSingletonBeanRegistry.getSingleton(Ljava/lang/String;Lorg/springframework/beans/factory/ObjectFactory;)Ljava/lang/Object;+132
J 2793 C1 org.springframework.beans.factory.support.AbstractBeanFactory.doGetBean(Ljava/lang/String;Ljava/lang/Class;[Ljava/lang/Object;Z)Ljava/lang/Object; (833 bytes) @ 0x00000000031aa39c [0x00000000031a9dc0+0x5dc]
J 2804 C1 org.springframework.beans.factory.support.AbstractBeanFactory.getBean(Ljava/lang/String;Ljava/lang/Class;)Ljava/lang/Object; (9 bytes) @ 0x00000000031b42a4 [0x00000000031b4260+0x44]
j  org.springframework.boot.web.servlet.ServletContextInitializerBeans.getOrderedBeansOfType(Lorg/springframework/beans/factory/ListableBeanFactory;Ljava/lang/Class;Ljava/util/Set;)Ljava/util/List;+69
j  org.springframework.boot.web.servlet.ServletContextInitializerBeans.getOrderedBeansOfType(Lorg/springframework/beans/factory/ListableBeanFactory;Ljava/lang/Class;)Ljava/util/List;+6
j  org.springframework.boot.web.servlet.ServletContextInitializerBeans.addServletContextInitializerBeans(Lorg/springframework/beans/factory/ListableBeanFactory;)V+32
j  org.springframework.boot.web.servlet.ServletContextInitializerBeans.<init>(Lorg/springframework/beans/factory/ListableBeanFactory;[Ljava/lang/Class;)V+49
j  org.springframework.boot.web.servlet.context.ServletWebServerApplicationContext.getServletContextInitializerBeans()Ljava/util/Collection;+12
j  org.springframework.boot.web.servlet.context.ServletWebServerApplicationContext.selfInitialize(Ljavax/servlet/ServletContext;)V+19
j  org.springframework.boot.web.servlet.context.ServletWebServerApplicationContext$$Lambda$358.onStartup(Ljavax/servlet/ServletContext;)V+5
j  org.springframework.boot.web.embedded.tomcat.TomcatStarter.onStartup(Ljava/util/Set;Ljavax/servlet/ServletContext;)V+28
j  org.apache.catalina.core.StandardContext.startInternal()V+1129
j  org.apache.catalina.util.LifecycleBase.start()V+210
j  org.apache.catalina.core.ContainerBase$StartChild.call()Ljava/lang/Void;+4
j  org.apache.catalina.core.ContainerBase$StartChild.call()Ljava/lang/Object;+1
j  java.util.concurrent.FutureTask.run()V+42
j  org.apache.tomcat.util.threads.InlineExecutorService.execute(Ljava/lang/Runnable;)V+38
j  java.util.concurrent.AbstractExecutorService.submit(Ljava/util/concurrent/Callable;)Ljava/util/concurrent/Future;+20
j  org.apache.catalina.core.ContainerBase.startInternal()V+93
j  org.apache.catalina.core.StandardHost.startInternal()V+153
j  org.apache.catalina.util.LifecycleBase.start()V+210
j  org.apache.catalina.core.ContainerBase$StartChild.call()Ljava/lang/Void;+4
j  org.apache.catalina.core.ContainerBase$StartChild.call()Ljava/lang/Object;+1
j  java.util.concurrent.FutureTask.run()V+42
j  org.apache.tomcat.util.threads.InlineExecutorService.execute(Ljava/lang/Runnable;)V+38
j  java.util.concurrent.AbstractExecutorService.submit(Ljava/util/concurrent/Callable;)Ljava/util/concurrent/Future;+20
j  org.apache.catalina.core.ContainerBase.startInternal()V+93
j  org.apache.catalina.core.StandardEngine.startInternal()V+38
j  org.apache.catalina.util.LifecycleBase.start()V+210
j  org.apache.catalina.core.StandardService.startInternal()V+63
j  org.apache.catalina.util.LifecycleBase.start()V+210
j  org.apache.catalina.core.StandardServer.startInternal()V+45
j  org.apache.catalina.util.LifecycleBase.start()V+210
j  org.apache.catalina.startup.Tomcat.start()V+9
j  org.springframework.boot.web.embedded.tomcat.TomcatWebServer.initialize()V+64
j  org.springframework.boot.web.embedded.tomcat.TomcatWebServer.<init>(Lorg/apache/catalina/startup/Tomcat;Z)V+43
j  org.springframework.boot.web.embedded.tomcat.TomcatServletWebServerFactory.getTomcatWebServer(Lorg/apache/catalina/startup/Tomcat;)Lorg/springframework/boot/web/embedded/tomcat/TomcatWebServer;+17
j  org.springframework.boot.web.embedded.tomcat.TomcatServletWebServerFactory.getWebServer([Lorg/springframework/boot/web/servlet/ServletContextInitializer;)Lorg/springframework/boot/web/server/WebServer;+149
j  org.springframework.boot.web.servlet.context.ServletWebServerApplicationContext.createWebServer()V+36
j  org.springframework.boot.web.servlet.context.ServletWebServerApplicationContext.onRefresh()V+5
j  org.springframework.context.support.AbstractApplicationContext.refresh()V+45
j  org.springframework.boot.web.servlet.context.ServletWebServerApplicationContext.refresh()V+1
j  org.springframework.boot.SpringApplication.refresh(Lorg/springframework/context/ApplicationContext;)V+10
j  org.springframework.boot.SpringApplication.refreshContext(Lorg/springframework/context/ConfigurableApplicationContext;)V+2
j  org.springframework.boot.SpringApplication.run([Ljava/lang/String;)Lorg/springframework/context/ConfigurableApplicationContext;+118
j  org.springframework.boot.SpringApplication.run([Ljava/lang/Class;[Ljava/lang/String;)Lorg/springframework/context/ConfigurableApplicationContext;+9
j  org.springframework.boot.SpringApplication.run(Ljava/lang/Class;[Ljava/lang/String;)Lorg/springframework/context/ConfigurableApplicationContext;+9
j  com.lead.admin.AdminApplication.main([Ljava/lang/String;)V+3
v  ~StubRoutines::call_stub

---------------  P R O C E S S  ---------------

Java Threads: ( => current thread )
  0x000000001fe4c000 JavaThread "lettuce-eventExecutorLoop-1-1" daemon [_thread_blocked, id=13720, stack(0x0000000021ab0000,0x0000000021bb0000)]
  0x000000001fe49000 JavaThread "Abandoned connection cleanup thread" daemon [_thread_blocked, id=18688, stack(0x0000000024080000,0x0000000024180000)]
  0x000000001fe4b000 JavaThread "spring.cloud.inetutils" daemon [_thread_in_native, id=4944, stack(0x0000000023d80000,0x0000000023e80000)]
  0x00000000204af800 JavaThread "AsyncAppender-Worker-ASYNC" daemon [_thread_blocked, id=13452, stack(0x00000000222b0000,0x00000000223b0000)]
  0x0000000020247000 JavaThread "AsyncAppender-Worker-ASYNC" daemon [_thread_blocked, id=17944, stack(0x00000000210b0000,0x00000000211b0000)]
  0x000000001eb6f800 JavaThread "RMI Scheduler(0)" daemon [_thread_blocked, id=21432, stack(0x00000000219b0000,0x0000000021ab0000)]
  0x000000002000b800 JavaThread "RMI TCP Connection(1)-176.17.10.159" daemon [_thread_in_native, id=25076, stack(0x00000000218b0000,0x00000000219b0000)]
  0x000000001fc0e800 JavaThread "AsyncAppender-Worker-ASYNC" daemon [_thread_blocked, id=24716, stack(0x0000000020db0000,0x0000000020eb0000)]
  0x000000001f985800 JavaThread "RMI TCP Accept-0" daemon [_thread_in_native, id=572, stack(0x0000000020900000,0x0000000020a00000)]
  0x000000001f874000 JavaThread "Service Thread" daemon [_thread_blocked, id=14244, stack(0x00000000207e0000,0x00000000208e0000)]
  0x000000001f2c4000 JavaThread "C1 CompilerThread3" daemon [_thread_blocked, id=19244, stack(0x000000001f710000,0x000000001f810000)]
  0x000000001f2c3800 JavaThread "C2 CompilerThread2" daemon [_thread_blocked, id=17772, stack(0x000000001f610000,0x000000001f710000)]
  0x000000001f2c0800 JavaThread "C2 CompilerThread1" daemon [_thread_blocked, id=23724, stack(0x000000001f510000,0x000000001f610000)]
  0x000000001f2c0000 JavaThread "C2 CompilerThread0" daemon [_thread_blocked, id=21660, stack(0x000000001f410000,0x000000001f510000)]
  0x000000001f2ba800 JavaThread "Monitor Ctrl-Break" daemon [_thread_in_native, id=5700, stack(0x000000001f310000,0x000000001f410000)]
  0x000000001e5a9800 JavaThread "Attach Listener" daemon [_thread_blocked, id=21092, stack(0x000000001ea10000,0x000000001eb10000)]
  0x000000001e555000 JavaThread "Signal Dispatcher" daemon [_thread_blocked, id=15860, stack(0x000000001e910000,0x000000001ea10000)]
  0x000000001c51e800 JavaThread "Finalizer" daemon [_thread_blocked, id=8684, stack(0x000000001e410000,0x000000001e510000)]
  0x000000001c51d000 JavaThread "Reference Handler" daemon [_thread_blocked, id=22864, stack(0x000000001e310000,0x000000001e410000)]
=>0x000000000293b000 JavaThread "main" [_thread_in_vm, id=12112, stack(0x0000000002830000,0x0000000002930000)]

Other Threads:
  0x000000001c519000 VMThread [stack: 0x000000001e210000,0x000000001e310000] [id=19056]
  0x000000001f986800 WatcherThread [stack: 0x0000000020a00000,0x0000000020b00000] [id=16848]

VM state:not at safepoint (normal execution)

VM Mutex/Monitor currently owned by a thread: None

Heap:
 PSYoungGen      total 154112K, used 71121K [0x000000076bb80000, 0x0000000776080000, 0x00000007c0000000)
  eden space 142848K, 45% used [0x000000076bb80000,0x000000076fb00140,0x0000000774700000)
  from space 11264K, 54% used [0x0000000775300000,0x00000007758f45e0,0x0000000775e00000)
  to   space 12288K, 0% used [0x0000000774700000,0x0000000774700000,0x0000000775300000)
 ParOldGen       total 138752K, used 19156K [0x00000006c3200000, 0x00000006cb980000, 0x000000076bb80000)
  object space 138752K, 13% used [0x00000006c3200000,0x00000006c44b5160,0x00000006cb980000)
 Metaspace       used 40400K, capacity 42372K, committed 42536K, reserved 1085440K
  class space    used 5522K, capacity 5896K, committed 5928K, reserved 1048576K

Card table byte_map: [0x0000000011f90000,0x0000000012780000] byte_map_base: 0x000000000e977000

Marking Bits: (ParMarkBitMap*) 0x000000005acf4040
 Begin Bits: [0x00000000134d0000, 0x0000000017408000)
 End Bits:   [0x0000000017408000, 0x000000001b340000)

Polling page: 0x00000000027d0000

CodeCache: size=245760Kb used=8341Kb max_used=8341Kb free=237418Kb
 bounds [0x0000000002bd0000, 0x0000000003400000, 0x0000000011bd0000]
 total_blobs=4556 nmethods=4102 adapters=365
 compilation: enabled

Compilation events (10 events):
Event: 7.862 Thread 0x000000001f2c4000 4106       1       java.nio.charset.CharsetEncoder::onUnmappableCharacter (26 bytes)
Event: 7.862 Thread 0x000000001f2c4000 nmethod 4106 0x00000000033f3c50 code [0x00000000033f3dc0, 0x00000000033f3fa8]
Event: 7.862 Thread 0x000000001f2c4000 4107       1       java.nio.charset.CharsetEncoder::implOnUnmappableCharacter (1 bytes)
Event: 7.862 Thread 0x000000001f2c4000 nmethod 4107 0x00000000033f4050 code [0x00000000033f41a0, 0x00000000033f42b0]
Event: 7.862 Thread 0x000000001f2c4000 4105       1       java.nio.charset.CharsetEncoder::implOnMalformedInput (1 bytes)
Event: 7.862 Thread 0x000000001f2c4000 nmethod 4105 0x00000000033f4310 code [0x00000000033f4460, 0x00000000033f4570]
Event: 7.867 Thread 0x000000001f2c4000 4109   !   1       java.security.Permissions::add (70 bytes)
Event: 7.867 Thread 0x000000001f2c4000 nmethod 4109 0x00000000033f4750 code [0x00000000033f48e0, 0x00000000033f4d48]
Event: 7.879 Thread 0x000000001f2c4000 4110       1       org.springframework.beans.AbstractNestablePropertyAccessor::getWrappedClass (8 bytes)
Event: 7.879 Thread 0x000000001f2c4000 nmethod 4110 0x00000000033f5110 code [0x00000000033f5280, 0x00000000033f5468]

GC Heap History (10 events):
Event: 4.867 GC heap before
{Heap before GC invocations=10 (full 1):
 PSYoungGen      total 112640K, used 112309K [0x000000076bb80000, 0x0000000773500000, 0x00000007c0000000)
  eden space 103936K, 100% used [0x000000076bb80000,0x0000000772100000,0x0000000772100000)
  from space 8704K, 96% used [0x0000000772a00000,0x000000077322d450,0x0000000773280000)
  to   space 9216K, 0% used [0x0000000772100000,0x0000000772100000,0x0000000772a00000)
 ParOldGen       total 94208K, used 7439K [0x00000006c3200000, 0x00000006c8e00000, 0x000000076bb80000)
  object space 94208K, 7% used [0x00000006c3200000,0x00000006c3943f28,0x00000006c8e00000)
 Metaspace       used 29064K, capacity 30120K, committed 30384K, reserved 1075200K
  class space    used 3942K, capacity 4168K, committed 4272K, reserved 1048576K
Event: 4.879 GC heap after
Heap after GC invocations=10 (full 1):
 PSYoungGen      total 113152K, used 9210K [0x000000076bb80000, 0x0000000775e00000, 0x00000007c0000000)
  eden space 103936K, 0% used [0x000000076bb80000,0x000000076bb80000,0x0000000772100000)
  from space 9216K, 99% used [0x0000000772100000,0x00000007729fe848,0x0000000772a00000)
  to   space 11264K, 0% used [0x0000000775300000,0x0000000775300000,0x0000000775e00000)
 ParOldGen       total 94208K, used 10690K [0x00000006c3200000, 0x00000006c8e00000, 0x000000076bb80000)
  object space 94208K, 11% used [0x00000006c3200000,0x00000006c3c70818,0x00000006c8e00000)
 Metaspace       used 29064K, capacity 30120K, committed 30384K, reserved 1075200K
  class space    used 3942K, capacity 4168K, committed 4272K, reserved 1048576K
}
Event: 5.279 GC heap before
{Heap before GC invocations=11 (full 1):
 PSYoungGen      total 113152K, used 113146K [0x000000076bb80000, 0x0000000775e00000, 0x00000007c0000000)
  eden space 103936K, 100% used [0x000000076bb80000,0x0000000772100000,0x0000000772100000)
  from space 9216K, 99% used [0x0000000772100000,0x00000007729fe848,0x0000000772a00000)
  to   space 11264K, 0% used [0x0000000775300000,0x0000000775300000,0x0000000775e00000)
 ParOldGen       total 94208K, used 10690K [0x00000006c3200000, 0x00000006c8e00000, 0x000000076bb80000)
  object space 94208K, 11% used [0x00000006c3200000,0x00000006c3c70818,0x00000006c8e00000)
 Metaspace       used 32075K, capacity 33324K, committed 33456K, reserved 1077248K
  class space    used 4426K, capacity 4696K, committed 4784K, reserved 1048576K
Event: 5.289 GC heap after
Heap after GC invocations=11 (full 1):
 PSYoungGen      total 154112K, used 10059K [0x000000076bb80000, 0x0000000776080000, 0x00000007c0000000)
  eden space 142848K, 0% used [0x000000076bb80000,0x000000076bb80000,0x0000000774700000)
  from space 11264K, 89% used [0x0000000775300000,0x0000000775cd2d38,0x0000000775e00000)
  to   space 12288K, 0% used [0x0000000774700000,0x0000000774700000,0x0000000775300000)
 ParOldGen       total 94208K, used 14110K [0x00000006c3200000, 0x00000006c8e00000, 0x000000076bb80000)
  object space 94208K, 14% used [0x00000006c3200000,0x00000006c3fc7858,0x00000006c8e00000)
 Metaspace       used 32075K, capacity 33324K, committed 33456K, reserved 1077248K
  class space    used 4426K, capacity 4696K, committed 4784K, reserved 1048576K
}
Event: 5.547 GC heap before
{Heap before GC invocations=12 (full 1):
 PSYoungGen      total 154112K, used 67112K [0x000000076bb80000, 0x0000000776080000, 0x00000007c0000000)
  eden space 142848K, 39% used [0x000000076bb80000,0x000000076f3376b8,0x0000000774700000)
  from space 11264K, 89% used [0x0000000775300000,0x0000000775cd2d38,0x0000000775e00000)
  to   space 12288K, 0% used [0x0000000774700000,0x0000000774700000,0x0000000775300000)
 ParOldGen       total 94208K, used 14110K [0x00000006c3200000, 0x00000006c8e00000, 0x000000076bb80000)
  object space 94208K, 14% used [0x00000006c3200000,0x00000006c3fc7858,0x00000006c8e00000)
 Metaspace       used 34135K, capacity 35358K, committed 35496K, reserved 1079296K
  class space    used 4670K, capacity 4935K, committed 5032K, reserved 1048576K
Event: 5.555 GC heap after
Heap after GC invocations=12 (full 1):
 PSYoungGen      total 155136K, used 3618K [0x000000076bb80000, 0x0000000776080000, 0x00000007c0000000)
  eden space 142848K, 0% used [0x000000076bb80000,0x000000076bb80000,0x0000000774700000)
  from space 12288K, 29% used [0x0000000774700000,0x0000000774a88a10,0x0000000775300000)
  to   space 11264K, 0% used [0x0000000775300000,0x0000000775300000,0x0000000775e00000)
 ParOldGen       total 94208K, used 20005K [0x00000006c3200000, 0x00000006c8e00000, 0x000000076bb80000)
  object space 94208K, 21% used [0x00000006c3200000,0x00000006c4589538,0x00000006c8e00000)
 Metaspace       used 34135K, capacity 35358K, committed 35496K, reserved 1079296K
  class space    used 4670K, capacity 4935K, committed 5032K, reserved 1048576K
}
Event: 5.555 GC heap before
{Heap before GC invocations=13 (full 2):
 PSYoungGen      total 155136K, used 3618K [0x000000076bb80000, 0x0000000776080000, 0x00000007c0000000)
  eden space 142848K, 0% used [0x000000076bb80000,0x000000076bb80000,0x0000000774700000)
  from space 12288K, 29% used [0x0000000774700000,0x0000000774a88a10,0x0000000775300000)
  to   space 11264K, 0% used [0x0000000775300000,0x0000000775300000,0x0000000775e00000)
 ParOldGen       total 94208K, used 20005K [0x00000006c3200000, 0x00000006c8e00000, 0x000000076bb80000)
  object space 94208K, 21% used [0x00000006c3200000,0x00000006c4589538,0x00000006c8e00000)
 Metaspace       used 34135K, capacity 35358K, committed 35496K, reserved 1079296K
  class space    used 4670K, capacity 4935K, committed 5032K, reserved 1048576K
Event: 5.600 GC heap after
Heap after GC invocations=13 (full 2):
 PSYoungGen      total 155136K, used 0K [0x000000076bb80000, 0x0000000776080000, 0x00000007c0000000)
  eden space 142848K, 0% used [0x000000076bb80000,0x000000076bb80000,0x0000000774700000)
  from space 12288K, 0% used [0x0000000774700000,0x0000000774700000,0x0000000775300000)
  to   space 11264K, 0% used [0x0000000775300000,0x0000000775300000,0x0000000775e00000)
 ParOldGen       total 138752K, used 19148K [0x00000006c3200000, 0x00000006cb980000, 0x000000076bb80000)
  object space 138752K, 13% used [0x00000006c3200000,0x00000006c44b3160,0x00000006cb980000)
 Metaspace       used 34135K, capacity 35358K, committed 35496K, reserved 1079296K
  class space    used 4670K, capacity 4935K, committed 5032K, reserved 1048576K
}
Event: 6.199 GC heap before
{Heap before GC invocations=14 (full 2):
 PSYoungGen      total 155136K, used 142848K [0x000000076bb80000, 0x0000000776080000, 0x00000007c0000000)
  eden space 142848K, 100% used [0x000000076bb80000,0x0000000774700000,0x0000000774700000)
  from space 12288K, 0% used [0x0000000774700000,0x0000000774700000,0x0000000775300000)
  to   space 11264K, 0% used [0x0000000775300000,0x0000000775300000,0x0000000775e00000)
 ParOldGen       total 138752K, used 19148K [0x00000006c3200000, 0x00000006cb980000, 0x000000076bb80000)
  object space 138752K, 13% used [0x00000006c3200000,0x00000006c44b3160,0x00000006cb980000)
 Metaspace       used 37774K, capacity 39484K, committed 39592K, reserved 1083392K
  class space    used 5143K, capacity 5468K, committed 5544K, reserved 1048576K
Event: 6.205 GC heap after
Heap after GC invocations=14 (full 2):
 PSYoungGen      total 154112K, used 6097K [0x000000076bb80000, 0x0000000776080000, 0x00000007c0000000)
  eden space 142848K, 0% used [0x000000076bb80000,0x000000076bb80000,0x0000000774700000)
  from space 11264K, 54% used [0x0000000775300000,0x00000007758f45e0,0x0000000775e00000)
  to   space 12288K, 0% used [0x0000000774700000,0x0000000774700000,0x0000000775300000)
 ParOldGen       total 138752K, used 19156K [0x00000006c3200000, 0x00000006cb980000, 0x000000076bb80000)
  object space 138752K, 13% used [0x00000006c3200000,0x00000006c44b5160,0x00000006cb980000)
 Metaspace       used 37774K, capacity 39484K, committed 39592K, reserved 1083392K
  class space    used 5143K, capacity 5468K, committed 5544K, reserved 1048576K
}

Deoptimization events (0 events):
No events

Internal exceptions (10 events):
Event: 7.748 Thread 0x000000000293b000 Implicit null exception at 0x0000000003045052 to 0x00000000030452b5
Event: 7.748 Thread 0x000000000293b000 Exception <a 'java/lang/NullPointerException'> (0x000000076debcf40) thrown at [C:\re\workspace\8-2-build-windows-amd64-cygwin\jdk8u45\3457\hotspot\src\share\vm\runtime\sharedRuntime.cpp, line 605]
Event: 7.748 Thread 0x000000000293b000 Implicit null exception at 0x0000000003045052 to 0x00000000030452b5
Event: 7.748 Thread 0x000000000293b000 Exception <a 'java/lang/NullPointerException'> (0x000000076debe228) thrown at [C:\re\workspace\8-2-build-windows-amd64-cygwin\jdk8u45\3457\hotspot\src\share\vm\runtime\sharedRuntime.cpp, line 605]
Event: 7.749 Thread 0x000000002000b800 Exception <a 'java/lang/reflect/InvocationTargetException'> (0x000000076e308af0) thrown at [C:\re\workspace\8-2-build-windows-amd64-cygwin\jdk8u45\3457\hotspot\src\share\vm\runtime\reflection.cpp, line 1080]
Event: 7.774 Thread 0x000000000293b000 Exception <a 'java/lang/ArrayIndexOutOfBoundsException'> (0x000000076e6461a0) thrown at [C:\re\workspace\8-2-build-windows-amd64-cygwin\jdk8u45\3457\hotspot\src\share\vm\runtime\sharedRuntime.cpp, line 605]
Event: 7.774 Thread 0x000000000293b000 Exception <a 'java/lang/ArrayIndexOutOfBoundsException'> (0x000000076e647d80) thrown at [C:\re\workspace\8-2-build-windows-amd64-cygwin\jdk8u45\3457\hotspot\src\share\vm\runtime\sharedRuntime.cpp, line 605]
Event: 7.777 Thread 0x000000000293b000 Exception <a 'java/lang/ArrayIndexOutOfBoundsException'> (0x000000076e6fa098) thrown at [C:\re\workspace\8-2-build-windows-amd64-cygwin\jdk8u45\3457\hotspot\src\share\vm\runtime\sharedRuntime.cpp, line 605]
Event: 7.781 Thread 0x000000000293b000 Exception <a 'java/lang/ArrayIndexOutOfBoundsException'> (0x000000076e754cb0) thrown at [C:\re\workspace\8-2-build-windows-amd64-cygwin\jdk8u45\3457\hotspot\src\share\vm\runtime\sharedRuntime.cpp, line 605]
Event: 7.849 Thread 0x000000000293b000 Exception <a 'java/lang/NoSuchMethodError': java.lang.Object.lambda$identity$7(Ljava/lang/Object;)Ljava/lang/Object;> (0x000000076f2d1b78) thrown at [C:\re\workspace\8-2-build-windows-amd64-cygwin\jdk8u45\3457\hotspot\src\share\vm\interpreter\linkResolver.”ZÞ‚ý@

Events (10 events):
Event: 7.879 loading class org/springframework/data/redis/connection/lettuce/LettuceReactiveRedisClusterConnection
Event: 7.879 loading class org/springframework/data/redis/connection/lettuce/LettuceReactiveRedisClusterConnection done
Event: 7.880 loading class io/lettuce/core/cluster/ClusterClientOptions
Event: 7.880 loading class io/lettuce/core/cluster/ClusterClientOptions done
Event: 7.880 loading class org/springframework/data/redis/connection/RedisClusterConnection
Event: 7.880 loading class org/springframework/data/redis/connection/RedisClusterConnection done
Event: 7.880 loading class org/springframework/data/redis/connection/RedisClusterCommands
Event: 7.880 loading class org/springframework/data/redis/connection/RedisClusterCommands done
Event: 7.880 loading class org/springframework/data/redis/connection/RedisClusterServerCommands
Event: 7.880 loading class org/springframework/data/redis/connection/RedisClusterServerCommands done


Dynamic libraries:
0x00007ff7cbd50000 - 0x00007ff7cbd87000 	D:\Java\jdk-8u45-windows-x64\bin\java.exe
0x00007ffb23d70000 - 0x00007ffb23f65000 	C:\Windows\SYSTEM32\ntdll.dll
0x00007ffb22ce0000 - 0x00007ffb22d9d000 	C:\Windows\System32\KERNEL32.DLL
0x00007ffb21720000 - 0x00007ffb219e8000 	C:\Windows\System32\KERNELBASE.dll
0x00007ffb21de0000 - 0x00007ffb21e8c000 	C:\Windows\System32\ADVAPI32.dll
0x00007ffb23c90000 - 0x00007ffb23d2e000 	C:\Windows\System32\msvcrt.dll
0x00007ffb236b0000 - 0x00007ffb2374b000 	C:\Windows\System32\sechost.dll
0x00007ffb22b00000 - 0x00007ffb22c2b000 	C:\Windows\System32\RPCRT4.dll
0x00007ffb21e90000 - 0x00007ffb22030000 	C:\Windows\System32\USER32.dll
0x00007ffb21ba0000 - 0x00007ffb21bc2000 	C:\Windows\System32\win32u.dll
0x00007ffb22da0000 - 0x00007ffb22dca000 	C:\Windows\System32\GDI32.dll
0x00007ffb21610000 - 0x00007ffb2171b000 	C:\Windows\System32\gdi32full.dll
0x00007ffb21b00000 - 0x00007ffb21b9d000 	C:\Windows\System32\msvcp_win.dll
0x00007ffb21cd0000 - 0x00007ffb21dd0000 	C:\Windows\System32\ucrtbase.dll
0x00007ffb04e40000 - 0x00007ffb050da000 	C:\Windows\WinSxS\amd64_microsoft.windows.common-controls_6595b64144ccf1df_6.0.19041.844_none_ca00b6081b84eb1d\COMCTL32.dll
0x00007ffb22a70000 - 0x00007ffb22aa0000 	C:\Windows\System32\IMM32.DLL
0x000000005b610000 - 0x000000005b6e2000 	D:\Java\jdk-8u45-windows-x64\jre\bin\msvcr100.dll
0x000000005a4f0000 - 0x000000005ad73000 	D:\Java\jdk-8u45-windows-x64\jre\bin\server\jvm.dll
0x00007ffb22930000 - 0x00007ffb22938000 	C:\Windows\System32\PSAPI.DLL
0x00007ffb15f60000 - 0x00007ffb15f6a000 	C:\Windows\SYSTEM32\VERSION.dll
0x00007ffb0d5e0000 - 0x00007ffb0d607000 	C:\Windows\SYSTEM32\WINMM.dll
0x00007ffb0ae50000 - 0x00007ffb0ae59000 	C:\Windows\SYSTEM32\WSOCK32.dll
0x00007ffb237b0000 - 0x00007ffb2381b000 	C:\Windows\System32\WS2_32.dll
0x000000005b600000 - 0x000000005b60f000 	D:\Java\jdk-8u45-windows-x64\jre\bin\verify.dll
0x000000005b5d0000 - 0x000000005b5f9000 	D:\Java\jdk-8u45-windows-x64\jre\bin\java.dll
0x000000005b540000 - 0x000000005b563000 	D:\Java\jdk-8u45-windows-x64\jre\bin\instrument.dll
0x000000005b5b0000 - 0x000000005b5c6000 	D:\Java\jdk-8u45-windows-x64\jre\bin\zip.dll
0x00007ffb220b0000 - 0x00007ffb227f2000 	C:\Windows\System32\SHELL32.dll
0x00007ffb1f5e0000 - 0x00007ffb1fd70000 	C:\Windows\SYSTEM32\windows.storage.dll
0x00007ffb23350000 - 0x00007ffb236a5000 	C:\Windows\System32\combase.dll
0x00007ffb20f20000 - 0x00007ffb20f4c000 	C:\Windows\SYSTEM32\Wldp.dll
0x00007ffb22e50000 - 0x00007ffb22efe000 	C:\Windows\System32\SHCORE.dll
0x00007ffb22fe0000 - 0x00007ffb23035000 	C:\Windows\System32\shlwapi.dll
0x00007ffb213f0000 - 0x00007ffb2140f000 	C:\Windows\SYSTEM32\profapi.dll
0x00007ffb075c0000 - 0x00007ffb075da000 	D:\java\IntelliJ IDEA 2021.1\bin\breakgen64.dll
0x000000005b590000 - 0x000000005b5aa000 	D:\java\jdk-8u45-windows-x64\jre\bin\net.dll
0x00007ffb20c90000 - 0x00007ffb20cfa000 	C:\Windows\system32\mswsock.dll
0x00007ffb20970000 - 0x00007ffb20a3c000 	C:\Windows\SYSTEM32\DNSAPI.dll
0x00007ffb20930000 - 0x00007ffb2096b000 	C:\Windows\SYSTEM32\IPHLPAPI.DLL
0x00007ffb22940000 - 0x00007ffb22948000 	C:\Windows\System32\NSI.dll
0x00007ffb15f50000 - 0x00007ffb15f5a000 	C:\Windows\System32\rasadhlp.dll
0x00007ffb0dfa0000 - 0x00007ffb0e01f000 	C:\Windows\System32\fwpuclnt.dll
0x00007ffb21bd0000 - 0x00007ffb21bf7000 	C:\Windows\System32\bcrypt.dll
0x000000005b530000 - 0x000000005b53d000 	D:\java\jdk-8u45-windows-x64\jre\bin\management.dll
0x000000005b570000 - 0x000000005b581000 	D:\java\jdk-8u45-windows-x64\jre\bin\nio.dll
0x00007ffb20e70000 - 0x00007ffb20e88000 	C:\Windows\SYSTEM32\CRYPTSP.dll
0x00007ffb205c0000 - 0x00007ffb205f4000 	C:\Windows\system32\rsaenh.dll
0x00007ffb21370000 - 0x00007ffb2139e000 	C:\Windows\SYSTEM32\USERENV.dll
0x00007ffb21c50000 - 0x00007ffb21cd0000 	C:\Windows\System32\bcryptprimitives.dll
0x00007ffb20e60000 - 0x00007ffb20e6c000 	C:\Windows\SYSTEM32\CRYPTBASE.dll
0x00007ffb15b90000 - 0x00007ffb15ba7000 	C:\Windows\SYSTEM32\dhcpcsvc6.DLL
0x00007ffb14c70000 - 0x00007ffb14c8d000 	C:\Windows\SYSTEM32\dhcpcsvc.DLL
0x00007ffb02f20000 - 0x00007ffb02f37000 	C:\Windows\system32\napinsp.dll
0x00007ffb02f00000 - 0x00007ffb02f1b000 	C:\Windows\system32\pnrpnsp.dll
0x00007ffb1a030000 - 0x00007ffb1a045000 	C:\Windows\system32\wshbth.dll
0x00007ffb197c0000 - 0x00007ffb197dd000 	C:\Windows\system32\NLAapi.dll
0x00007ffb02de0000 - 0x00007ffb02df2000 	C:\Windows\System32\winrnr.dll
0x00007ffb1f3b0000 - 0x00007ffb1f594000 	C:\Windows\SYSTEM32\dbghelp.dll

VM Arguments:
jvm_args: -XX:TieredStopAtLevel=1 -Xverify:none -Dspring.output.ansi.enabled=always -javaagent:D:\java\IntelliJ IDEA 2021.1\lib\idea_rt.jar=5115:D:\java\IntelliJ IDEA 2021.1\bin -Dcom.sun.management.jmxremote -Dspring.jmx.enabled=true -Dspring.liveBeansView.mbeanDomain -Dspring.application.admin.enabled=true -Dfile.encoding=UTF-8 
java_command: com.lead.admin.AdminApplication
java_class_path (initial): D:\java\jdk-8u45-windows-x64\jre\lib\charsets.jar;D:\java\jdk-8u45-windows-x64\jre\lib\deploy.jar;D:\java\jdk-8u45-windows-x64\jre\lib\ext\access-bridge-64.jar;D:\java\jdk-8u45-windows-x64\jre\lib\ext\cldrdata.jar;D:\java\jdk-8u45-windows-x64\jre\lib\ext\dnsns.jar;D:\java\jdk-8u45-windows-x64\jre\lib\ext\jaccess.jar;D:\java\jdk-8u45-windows-x64\jre\lib\ext\jfxrt.jar;D:\java\jdk-8u45-windows-x64\jre\lib\ext\localedata.jar;D:\java\jdk-8u45-windows-x64\jre\lib\ext\nashorn.jar;D:\java\jdk-8u45-windows-x64\jre\lib\ext\sunec.jar;D:\java\jdk-8u45-windows-x64\jre\lib\ext\sunjce_provider.jar;D:\java\jdk-8u45-windows-x64\jre\lib\ext\sunmscapi.jar;D:\java\jdk-8u45-windows-x64\jre\lib\ext\sunpkcs11.jar;D:\java\jdk-8u45-windows-x64\jre\lib\ext\zipfs.jar;D:\java\jdk-8u45-windows-x64\jre\lib\javaws.jar;D:\java\jdk-8u45-windows-x64\jre\lib\jce.jar;D:\java\jdk-8u45-windows-x64\jre\lib\jfr.jar;D:\java\jdk-8u45-windows-x64\jre\lib\jfxswt.jar;D:\java\jdk-8u45-windows-x64\jre\lib\jsse.jar;D:\java\jdk-8u45-windows-x64\jre\lib\management-agent.jar;D:\java\jdk-8u45-windows-x64\jre\lib\plugin.jar;D:\java\jdk-8u45-windows-x64\jre\lib\resources.jar;D:\java\jdk-8u45-windows-x64\jre\lib\rt.jar;D:\java\ProjectLibrary\leadnews\leadnews-admin\target\classes;D:\java\ProjectLibrary\leadnews\leadnews-model\target\classes;D:\java\maven_repository\mysql\mysql-connector-java\5.1.46\mysql-connector-java-5.1.46.jar;D:\java\maven_repository\org\mybatis\mybatis\3.5.1\mybatis-3.5.1.jar;D:\java\maven_repository\org\apache\commons\commons-lang3\3.5\commons-lang3-3.5.jar;D:\java\maven_repository\com\baomidou\mybatis-plus-boot-starter\3.1.1\mybatis-plus-boot-starter-3.1.1.jar;D:\java\maven_repository\com\baomidou\mybatis-plus\3.1.1\mybatis-plus-3.1.1.jar;D:\java\maven_repository\com\baomidou\mybatis-plus-extension\3.1.1\mybatis-plus-extension-3.1.1.jar;D:\java\maven_repository\com\baomidou\mybatis-plus-core\3.1.1\mybatis-plus-core-3.1.1.jar;D:\java\maven_repository\com\baomidou\mybat
Launcher Type: SUN_STANDARD

Environment Variables:
JAVA_HOME=D:\java\jdk-8u45-windows-x64
PATH=D:\java\jdk-8u45-windows-x64\bin;C:\ProgramData\Oracle\Java\javapath;C:\Windows\system32;C:\Windows;C:\Windows\System32\Wbem;C:\Windows\System32\WindowsPowerShell\v1.0\;C:\Windows\System32\OpenSSH\;D:\Program Files\MariaDB 10.5\bin;D:\Program Files (x86)\Git\cmd;D:\java\apache-maven-3.5.2\bin;D:\java\MySQL\MySQL Server 5.5\bin;d:\Program Files\TortoiseGit\bin;D:\Program Files\Clients\;d:\Program Files\nodejs\;C:\Users\90937\AppData\Local\Microsoft\WindowsApps;C:\Users\90937\AppData\Roaming\npm
USERNAME=90937
OS=Windows_NT
PROCESSOR_IDENTIFIER=Intel64 Family 6 Model 140 Stepping 1, GenuineIntel



---------------  S Y S T E M  ---------------

OS: Windows 10.0 , 64 bit Build 19041 (10.0.19041.928)

CPU:total 8 (4 cores per cpu, 2 threads per core) family 6 model 140 stepping 1, cmov, cx8, fxsr, mmx, sse, sse2, sse3, ssse3, sse4.1, sse4.2, popcnt, avx, avx2, aes, clmul, erms, 3dnowpref, lzcnt, ht, tsc, tscinvbit, bmi1, bmi2, adx

Memory: 4k page, physical 16571704k(1998788k free), swap 29678900k(4112k free)

vm_info: Java HotSpot(TM) 64-Bit Server VM (25.45-b02) for windows-amd64 JRE (1.8.0_45-b14), built on Apr 10 2015 10:34:15 by "java_re" with MS VC++ 10.0 (VS2010)

time: Sat May 29 10:41:18 2021
elapsed time: 7 seconds (0d 0h 0m 7s)

