#
# There is insufficient memory for the Java Runtime Environment to continue.
# Native memory allocation (malloc) failed to allocate 32744 bytes for ChunkPool::allocate
# Possible reasons:
#   The system is out of physical RAM or swap space
#   In 32 bit mode, the process size limit was hit
# Possible solutions:
#   Reduce memory load on the system
#   Increase physical memory or swap space
#   Check if swap backing store is full
#   Use 64 bit Java on a 64 bit OS
#   Decrease Java heap size (-Xmx/-Xms)
#   Decrease number of Java threads
#   Decrease Java thread stack sizes (-Xss)
#   Set larger code cache with -XX:ReservedCodeCacheSize=
# This output file may be truncated or incomplete.
#
#  Out of Memory Error (allocation.cpp:273), pid=9952, tid=19740
#
# JRE version: Java(TM) SE Runtime Environment (8.0_45-b14) (build 1.8.0_45-b14)
# Java VM: Java HotSpot(TM) 64-Bit Server VM (25.45-b02 mixed mode windows-amd64 compressed oops)
# Failed to write core dump. Minidumps are not enabled by default on client versions of Windows
#

---------------  T H R E A D  ---------------

Current thread (0x000000001fee4000):  JavaThread "C1 CompilerThread3" daemon [_thread_in_native, id=19740, stack(0x0000000020330000,0x0000000020430000)]

Stack: [0x0000000020330000,0x0000000020430000]
Native frames: (J=compiled Java code, j=interpreted, Vv=VM code, C=native code)
V  [jvm.dll+0x32b57a]


Current CompileTask:
C1:  11481 5723       1       sun.misc.ProxyGenerator$ProxyMethod::generateMethod (733 bytes)


---------------  P R O C E S S  ---------------

Java Threads: ( => current thread )
  0x0000000023aae000 JavaThread "parallel-1" daemon [_thread_in_vm_trans, id=17344, stack(0x00000000290d0000,0x00000000291d0000)]
  0x0000000023aae800 JavaThread "JMX server connection timeout 100" daemon [_thread_blocked, id=24212, stack(0x0000000028dd0000,0x0000000028ed0000)]
  0x0000000021159000 JavaThread "RMI TCP Connection(2)-176.17.10.159" daemon [_thread_in_native, id=18752, stack(0x0000000028bd0000,0x0000000028cd0000)]
  0x0000000023d51800 JavaThread "DestroyJavaVM" [_thread_blocked, id=23896, stack(0x00000000033b0000,0x00000000034b0000)]
  0x0000000023d54800 JavaThread "com.alibaba.nacos.naming.beat.sender" daemon [_thread_blocked, id=24232, stack(0x0000000028ad0000,0x0000000028bd0000)]
  0x0000000023d4d800 JavaThread "Keep-Alive-Timer" daemon [_thread_blocked, id=17584, stack(0x00000000289d0000,0x0000000028ad0000)]
  0x0000000023d50000 JavaThread "Timer-0" daemon [_thread_blocked, id=7916, stack(0x00000000288d0000,0x00000000289d0000)]
  0x0000000023d53000 JavaThread "com.alibaba.nacos.naming.beat.sender" daemon [_thread_blocked, id=992, stack(0x00000000287d0000,0x00000000288d0000)]
  0x0000000023d4e800 JavaThread "http-nio-9001-Acceptor-0" daemon [_thread_in_native, id=23116, stack(0x00000000284d0000,0x00000000285d0000)]
  0x0000000023d53800 JavaThread "http-nio-9001-ClientPoller-1" daemon [_thread_in_native, id=22580, stack(0x00000000283d0000,0x00000000284d0000)]
  0x0000000023d4f000 JavaThread "http-nio-9001-ClientPoller-0" daemon [_thread_in_native, id=21188, stack(0x00000000282d0000,0x00000000283d0000)]
  0x0000000023d50800 JavaThread "http-nio-9001-exec-10" daemon [_thread_blocked, id=3672, stack(0x00000000281d0000,0x00000000282d0000)]
  0x0000000023d52000 JavaThread "http-nio-9001-exec-9" daemon [_thread_blocked, id=23712, stack(0x00000000280d0000,0x00000000281d0000)]
  0x0000000023d46000 JavaThread "http-nio-9001-exec-8" daemon [_thread_blocked, id=1224, stack(0x0000000027fd0000,0x00000000280d0000)]
  0x0000000023d4c000 JavaThread "http-nio-9001-exec-7" daemon [_thread_blocked, id=1096, stack(0x0000000027ed0000,0x0000000027fd0000)]
  0x0000000023d47800 JavaThread "http-nio-9001-exec-6" daemon [_thread_blocked, id=18428, stack(0x0000000027dd0000,0x0000000027ed0000)]
  0x0000000023d4b800 JavaThread "http-nio-9001-exec-5" daemon [_thread_blocked, id=16392, stack(0x0000000027cd0000,0x0000000027dd0000)]
  0x0000000023d4a800 JavaThread "http-nio-9001-exec-4" daemon [_thread_blocked, id=16880, stack(0x0000000027bd0000,0x0000000027cd0000)]
  0x0000000023d49000 JavaThread "http-nio-9001-exec-3" daemon [_thread_blocked, id=18016, stack(0x0000000027ad0000,0x0000000027bd0000)]
  0x0000000023d4a000 JavaThread "http-nio-9001-exec-2" daemon [_thread_blocked, id=436, stack(0x00000000279d0000,0x0000000027ad0000)]
  0x0000000023d48800 JavaThread "http-nio-9001-exec-1" daemon [_thread_blocked, id=25072, stack(0x00000000278d0000,0x00000000279d0000)]
  0x0000000023d4d000 JavaThread "NioBlockingSelector.BlockPoller-1" daemon [_thread_in_native, id=20236, stack(0x00000000277d0000,0x00000000278d0000)]
  0x0000000023d45800 JavaThread "ThreadPoolTaskScheduler-1" [_thread_blocked, id=19224, stack(0x00000000261d0000,0x00000000262d0000)]
  0x0000000023d47000 JavaThread "quartzScheduler_QuartzSchedulerThread" [_thread_blocked, id=25472, stack(0x00000000274d0000,0x00000000275d0000)]
  0x0000000021163800 JavaThread "quartzScheduler_Worker-10" [_thread_blocked, id=23500, stack(0x00000000273d0000,0x00000000274d0000)]
  0x0000000021162800 JavaThread "quartzScheduler_Worker-9" [_thread_blocked, id=25540, stack(0x00000000272d0000,0x00000000273d0000)]
  0x0000000021162000 JavaThread "quartzScheduler_Worker-8" [_thread_blocked, id=16336, stack(0x00000000271d0000,0x00000000272d0000)]
  0x0000000021166000 JavaThread "quartzScheduler_Worker-7" [_thread_blocked, id=21952, stack(0x00000000270d0000,0x00000000271d0000)]
  0x0000000021167800 JavaThread "quartzScheduler_Worker-6" [_thread_blocked, id=24032, stack(0x0000000026fd0000,0x00000000270d0000)]
  0x0000000021161000 JavaThread "quartzScheduler_Worker-5" [_thread_blocked, id=18992, stack(0x0000000026ed0000,0x0000000026fd0000)]
  0x0000000021164800 JavaThread "quartzScheduler_Worker-4" [_thread_blocked, id=19592, stack(0x0000000026dd0000,0x0000000026ed0000)]
  0x0000000021165000 JavaThread "quartzScheduler_Worker-3" [_thread_blocked, id=21028, stack(0x0000000026cd0000,0x0000000026dd0000)]
  0x0000000021166800 JavaThread "quartzScheduler_Worker-2" [_thread_blocked, id=13176, stack(0x0000000026bd0000,0x0000000026cd0000)]
  0x0000000021159800 JavaThread "quartzScheduler_Worker-1" [_thread_blocked, id=25284, stack(0x0000000026ad0000,0x0000000026bd0000)]
  0x0000000021160800 JavaThread "commons-pool-evictor-thread" daemon [_thread_blocked, id=5864, stack(0x00000000265d0000,0x00000000266d0000)]
  0x000000002115f000 JavaThread "HikariPool-1 connection adder" daemon [_thread_blocked, id=21020, stack(0x0000000025fd0000,0x00000000260d0000)]
  0x000000002115f800 JavaThread "ForkJoinPool.commonPool-worker-7" daemon [_thread_blocked, id=11460, stack(0x00000000262d0000,0x00000000263d0000)]
  0x0000000021158000 JavaThread "ForkJoinPool.commonPool-worker-5" daemon [_thread_blocked, id=23960, stack(0x00000000260d0000,0x00000000261d0000)]
  0x000000002115b000 JavaThread "ForkJoinPool.commonPool-worker-4" daemon [_thread_blocked, id=13924, stack(0x0000000025ed0000,0x0000000025fd0000)]
  0x000000002115d800 JavaThread "ForkJoinPool.commonPool-worker-3" daemon [_thread_blocked, id=10328, stack(0x0000000025dd0000,0x0000000025ed0000)]
  0x000000002115e000 JavaThread "ForkJoinPool.commonPool-worker-2" daemon [_thread_blocked, id=23948, stack(0x0000000025cd0000,0x0000000025dd0000)]
  0x000000002115a800 JavaThread "ForkJoinPool.commonPool-worker-1" daemon [_thread_blocked, id=7272, stack(0x0000000025bd0000,0x0000000025cd0000)]
  0x000000002115c000 JavaThread "HikariPool-1 housekeeper" daemon [_thread_blocked, id=14260, stack(0x00000000258d0000,0x00000000259d0000)]
  0x000000002115c800 JavaThread "container-0" [_thread_blocked, id=10768, stack(0x00000000255d0000,0x00000000256d0000)]
  0x00000000233af800 JavaThread "Catalina-utility-2" [_thread_blocked, id=19004, stack(0x00000000254d0000,0x00000000255d0000)]
  0x00000000233af000 JavaThread "Catalina-utility-1" [_thread_blocked, id=24536, stack(0x00000000253d0000,0x00000000254d0000)]
  0x00000000233b2000 JavaThread "com.alibaba.nacos.naming.push.receiver" daemon [_thread_in_native, id=7044, stack(0x00000000252d0000,0x00000000253d0000)]
  0x00000000233ae000 JavaThread "com.alibaba.nacos.naming.failover" daemon [_thread_blocked, id=24664, stack(0x00000000251d0000,0x00000000252d0000)]
  0x00000000233ac800 JavaThread "com.alibaba.nacos.naming.client.listener" daemon [_thread_blocked, id=25300, stack(0x00000000250d0000,0x00000000251d0000)]
  0x00000000233b0800 JavaThread "logback-1" daemon [_thread_blocked, id=2292, stack(0x0000000024fd0000,0x00000000250d0000)]
  0x00000000233ad800 JavaThread "lettuce-eventExecutorLoop-1-1" daemon [_thread_blocked, id=21612, stack(0x0000000024cd0000,0x0000000024dd0000)]
  0x00000000233ac000 JavaThread "Abandoned connection cleanup thread" daemon [_thread_blocked, id=11136, stack(0x0000000024bd0000,0x0000000024cd0000)]
  0x00000000233ab000 JavaThread "spring.cloud.inetutils" daemon [_thread_in_native, id=17504, stack(0x0000000022100000,0x0000000022200000)]
  0x00000000210bf800 JavaThread "AsyncAppender-Worker-ASYNC" daemon [_thread_blocked, id=21072, stack(0x0000000022e00000,0x0000000022f00000)]
  0x0000000020e9f800 JavaThread "AsyncAppender-Worker-ASYNC" daemon [_thread_blocked, id=24640, stack(0x0000000021c00000,0x0000000021d00000)]
  0x0000000020e2c800 JavaThread "RMI Scheduler(0)" daemon [_thread_blocked, id=4132, stack(0x0000000022700000,0x0000000022800000)]
  0x0000000020d2c800 JavaThread "RMI TCP Connection(1)-176.17.10.159" daemon [_thread_blocked, id=14168, stack(0x0000000022400000,0x0000000022500000)]
  0x000000002083b000 JavaThread "AsyncAppender-Worker-ASYNC" daemon [_thread_blocked, id=8900, stack(0x0000000021900000,0x0000000021a00000)]
  0x00000000205d8000 JavaThread "RMI TCP Accept-0" daemon [_thread_in_native, id=13224, stack(0x0000000021500000,0x0000000021600000)]
  0x000000001ff2e000 JavaThread "Service Thread" daemon [_thread_blocked, id=20628, stack(0x0000000021400000,0x0000000021500000)]
=>0x000000001fee4000 JavaThread "C1 CompilerThread3" daemon [_thread_in_native, id=19740, stack(0x0000000020330000,0x0000000020430000)]
  0x000000001fee3000 JavaThread "C2 CompilerThread2" daemon [_thread_blocked, id=11852, stack(0x0000000020230000,0x0000000020330000)]
  0x000000001fee0800 JavaThread "C2 CompilerThread1" daemon [_thread_blocked, id=15820, stack(0x0000000020130000,0x0000000020230000)]
  0x000000001fef9000 JavaThread "C2 CompilerThread0" daemon [_thread_blocked, id=18224, stack(0x0000000020030000,0x0000000020130000)]
  0x000000001fe3d000 JavaThread "Monitor Ctrl-Break" daemon [_thread_in_native, id=18252, stack(0x000000001ff30000,0x0000000020030000)]
  0x000000001f1c9000 JavaThread "Attach Listener" daemon [_thread_blocked, id=21904, stack(0x000000001f630000,0x000000001f730000)]
  0x000000001f175000 JavaThread "Signal Dispatcher" daemon [_thread_blocked, id=13088, stack(0x000000001f530000,0x000000001f630000)]
  0x000000001d164000 JavaThread "Finalizer" daemon [_thread_blocked, id=9504, stack(0x000000001f030000,0x000000001f130000)]
  0x000000001d15d000 JavaThread "Reference Handler" daemon [_thread_blocked, id=15740, stack(0x000000001ef30000,0x000000001f030000)]

Other Threads:
  0x000000001d159000 VMThread [stack: 0x000000001ee30000,0x000000001ef30000] [id=21584]
  0x00000000205dd800 WatcherThread [stack: 0x0000000021600000,0x0000000021700000] [id=17544]

VM state:not at safepoint (normal execution)

VM Mutex/Monitor currently owned by a thread: None

Heap:
 PSYoungGen      total 147456K, used 71957K [0x000000076bb80000, 0x0000000775f80000, 0x00000007c0000000)
  eden space 135680K, 53% used [0x000000076bb80000,0x00000007701c54e0,0x0000000774000000)
  from space 11776K, 0% used [0x0000000774e00000,0x0000000774e00000,0x0000000775980000)
  to   space 14336K, 0% used [0x0000000774000000,0x0000000774000000,0x0000000774e00000)
 ParOldGen       total 97280K, used 35853K [0x00000006c3200000, 0x00000006c9100000, 0x000000076bb80000)
  object space 97280K, 36% used [0x00000006c3200000,0x00000006c5503788,0x00000006c9100000)
 Metaspace       used 60067K, capacity 63534K, committed 63704K, reserved 1103872K
  class space    used 8124K, capacity 8689K, committed 8704K, reserved 1048576K

Card table byte_map: [0x0000000012bd0000,0x00000000133c0000] byte_map_base: 0x000000000f5b7000

Marking Bits: (ParMarkBitMap*) 0x000000005acf4040
 Begin Bits: [0x0000000014110000, 0x0000000018048000)
 End Bits:   [0x0000000018048000, 0x000000001bf80000)

Polling page: 0x0000000002fc0000

CodeCache: size=245760Kb used=11190Kb max_used=11190Kb free=234569Kb
 bounds [0x0000000003810000, 0x0000000004300000, 0x0000000012810000]
 total_blobs=6228 nmethods=5633 adapters=506
 compilation: enabled

Compilation events (10 events):
Event: 11.462 Thread 0x000000001fee4000 nmethod 5718 0x00000000042fc7d0 code [0x00000000042fc980, 0x00000000042fcd68]
Event: 11.462 Thread 0x000000001fee4000 5719       1       java.util.HashMap$TreeNode::tieBreakOrder (49 bytes)
Event: 11.462 Thread 0x000000001fee4000 nmethod 5719 0x00000000042fd010 code [0x00000000042fd1a0, 0x00000000042fd428]
Event: 11.463 Thread 0x000000001fee4000 5720       1       java.util.HashMap$TreeNode::find (172 bytes)
Event: 11.464 Thread 0x000000001fee4000 nmethod 5720 0x00000000042fd610 code [0x00000000042fd7a0, 0x00000000042fdb58]
Event: 11.464 Thread 0x000000001fee4000 5721       1       java.util.HashMap$TreeNode::balanceInsertion (245 bytes)
Event: 11.464 Thread 0x000000001fee4000 nmethod 5721 0x00000000042fddd0 code [0x00000000042fdf80, 0x00000000042fe318]
Event: 11.464 Thread 0x000000001fee4000 5722       1       java.util.HashMap$TreeNode::<init> (10 bytes)
Event: 11.464 Thread 0x000000001fee4000 nmethod 5722 0x00000000042fe750 code [0x00000000042fe8a0, 0x00000000042fea10]
Event: 11.469 Thread 0x000000001fee4000 5723       1       sun.misc.ProxyGenerator$ProxyMethod::generateMethod (733 bytes)

GC Heap History (10 events):
Event: 7.942 GC heap before
{Heap before GC invocations=15 (full 2):
 PSYoungGen      total 147456K, used 141521K [0x000000076bb80000, 0x0000000775f80000, 0x00000007c0000000)
  eden space 135680K, 100% used [0x000000076bb80000,0x0000000774000000,0x0000000774000000)
  from space 11776K, 49% used [0x0000000774e00000,0x00000007753b4558,0x0000000775980000)
  to   space 14336K, 0% used [0x0000000774000000,0x0000000774000000,0x0000000774e00000)
 ParOldGen       total 97280K, used 18729K [0x00000006c3200000, 0x00000006c9100000, 0x000000076bb80000)
  object space 97280K, 19% used [0x00000006c3200000,0x00000006c444a640,0x00000006c9100000)
 Metaspace       used 43476K, capacity 45524K, committed 45824K, reserved 1089536K
  class space    used 5917K, capacity 6316K, committed 6400K, reserved 1048576K
Event: 7.948 GC heap after
Heap after GC invocations=15 (full 2):
 PSYoungGen      total 150016K, used 9138K [0x000000076bb80000, 0x0000000775f80000, 0x00000007c0000000)
  eden space 135680K, 0% used [0x000000076bb80000,0x000000076bb80000,0x0000000774000000)
  from space 14336K, 63% used [0x0000000774000000,0x00000007748eca30,0x0000000774e00000)
  to   space 11776K, 0% used [0x0000000774e00000,0x0000000774e00000,0x0000000775980000)
 ParOldGen       total 97280K, used 21410K [0x00000006c3200000, 0x00000006c9100000, 0x000000076bb80000)
  object space 97280K, 22% used [0x00000006c3200000,0x00000006c46e8b98,0x00000006c9100000)
 Metaspace       used 43476K, capacity 45524K, committed 45824K, reserved 1089536K
  class space    used 5917K, capacity 6316K, committed 6400K, reserved 1048576K
}
Event: 8.614 GC heap before
{Heap before GC invocations=16 (full 2):
 PSYoungGen      total 150016K, used 144818K [0x000000076bb80000, 0x0000000775f80000, 0x00000007c0000000)
  eden space 135680K, 100% used [0x000000076bb80000,0x0000000774000000,0x0000000774000000)
  from space 14336K, 63% used [0x0000000774000000,0x00000007748eca30,0x0000000774e00000)
  to   space 11776K, 0% used [0x0000000774e00000,0x0000000774e00000,0x0000000775980000)
 ParOldGen       total 97280K, used 21410K [0x00000006c3200000, 0x00000006c9100000, 0x000000076bb80000)
  object space 97280K, 22% used [0x00000006c3200000,0x00000006c46e8b98,0x00000006c9100000)
 Metaspace       used 49652K, capacity 52030K, committed 52224K, reserved 1093632K
  class space    used 6662K, capacity 7135K, committed 7168K, reserved 1048576K
Event: 8.622 GC heap after
Heap after GC invocations=16 (full 2):
 PSYoungGen      total 147456K, used 8804K [0x000000076bb80000, 0x0000000775f80000, 0x00000007c0000000)
  eden space 135680K, 0% used [0x000000076bb80000,0x000000076bb80000,0x0000000774000000)
  from space 11776K, 74% used [0x0000000774e00000,0x00000007756992e0,0x0000000775980000)
  to   space 14336K, 0% used [0x0000000774000000,0x0000000774000000,0x0000000774e00000)
 ParOldGen       total 97280K, used 26440K [0x00000006c3200000, 0x00000006c9100000, 0x000000076bb80000)
  object space 97280K, 27% used [0x00000006c3200000,0x00000006c4bd2030,0x00000006c9100000)
 Metaspace       used 49652K, capacity 52030K, committed 52224K, reserved 1093632K
  class space    used 6662K, capacity 7135K, committed 7168K, reserved 1048576K
}
Event: 9.189 GC heap before
{Heap before GC invocations=17 (full 2):
 PSYoungGen      total 147456K, used 144484K [0x000000076bb80000, 0x0000000775f80000, 0x00000007c0000000)
  eden space 135680K, 100% used [0x000000076bb80000,0x0000000774000000,0x0000000774000000)
  from space 11776K, 74% used [0x0000000774e00000,0x00000007756992e0,0x0000000775980000)
  to   space 14336K, 0% used [0x0000000774000000,0x0000000774000000,0x0000000774e00000)
 ParOldGen       total 97280K, used 26440K [0x00000006c3200000, 0x00000006c9100000, 0x000000076bb80000)
  object space 97280K, 27% used [0x00000006c3200000,0x00000006c4bd2030,0x00000006c9100000)
 Metaspace       used 53903K, capacity 57022K, committed 57344K, reserved 1099776K
  class space    used 7298K, capacity 7836K, committed 7936K, reserved 1048576K
Event: 9.197 GC heap after
Heap after GC invocations=17 (full 2):
 PSYoungGen      total 150016K, used 8291K [0x000000076bb80000, 0x0000000775f80000, 0x00000007c0000000)
  eden space 135680K, 0% used [0x000000076bb80000,0x000000076bb80000,0x0000000774000000)
  from space 14336K, 57% used [0x0000000774000000,0x0000000774818f78,0x0000000774e00000)
  to   space 11776K, 0% used [0x0000000774e00000,0x0000000774e00000,0x0000000775980000)
 ParOldGen       total 97280K, used 31565K [0x00000006c3200000, 0x00000006c9100000, 0x000000076bb80000)
  object space 97280K, 32% used [0x00000006c3200000,0x00000006c50d35a8,0x00000006c9100000)
 Metaspace       used 53903K, capacity 57022K, committed 57344K, reserved 1099776K
  class space    used 7298K, capacity 7836K, committed 7936K, reserved 1048576K
}
Event: 10.742 GC heap before
{Heap before GC invocations=18 (full 2):
 PSYoungGen      total 150016K, used 62737K [0x000000076bb80000, 0x0000000775f80000, 0x00000007c0000000)
  eden space 135680K, 40% used [0x000000076bb80000,0x000000076f0ab878,0x0000000774000000)
  from space 14336K, 57% used [0x0000000774000000,0x0000000774818f78,0x0000000774e00000)
  to   space 11776K, 0% used [0x0000000774e00000,0x0000000774e00000,0x0000000775980000)
 ParOldGen       total 97280K, used 31565K [0x00000006c3200000, 0x00000006c9100000, 0x000000076bb80000)
  object space 97280K, 32% used [0x00000006c3200000,0x00000006c50d35a8,0x00000006c9100000)
 Metaspace       used 55939K, capacity 59068K, committed 59096K, reserved 1099776K
  class space    used 7632K, capacity 8177K, committed 8192K, reserved 1048576K
Event: 10.748 GC heap after
Heap after GC invocations=18 (full 2):
 PSYoungGen      total 147456K, used 3116K [0x000000076bb80000, 0x0000000775f80000, 0x00000007c0000000)
  eden space 135680K, 0% used [0x000000076bb80000,0x000000076bb80000,0x0000000774000000)
  from space 11776K, 26% used [0x0000000774e00000,0x000000077510b0a8,0x0000000775980000)
  to   space 14336K, 0% used [0x0000000774000000,0x0000000774000000,0x0000000774e00000)
 ParOldGen       total 97280K, used 36545K [0x00000006c3200000, 0x00000006c9100000, 0x000000076bb80000)
  object space 97280K, 37% used [0x00000006c3200000,0x00000006c55b0698,0x00000006c9100000)
 Metaspace       used 55939K, capacity 59068K, committed 59096K, reserved 1099776K
  class space    used 7632K, capacity 8177K, committed 8192K, reserved 1048576K
}
Event: 10.748 GC heap before
{Heap before GC invocations=19 (full 3):
 PSYoungGen      total 147456K, used 3116K [0x000000076bb80000, 0x0000000775f80000, 0x00000007c0000000)
  eden space 135680K, 0% used [0x000000076bb80000,0x000000076bb80000,0x0000000774000000)
  from space 11776K, 26% used [0x0000000774e00000,0x000000077510b0a8,0x0000000775980000)
  to   space 14336K, 0% used [0x0000000774000000,0x0000000774000000,0x0000000774e00000)
 ParOldGen       total 97280K, used 36545K [0x00000006c3200000, 0x00000006c9100000, 0x000000076bb80000)
  object space 97280K, 37% used [0x00000006c3200000,0x00000006c55b0698,0x00000006c9100000)
 Metaspace       used 55939K, capacity 59068K, committed 59096K, reserved 1099776K
  class space    used 7632K, capacity 8177K, committed 8192K, reserved 1048576K
Event: 10.898 GC heap after
Heap after GC invocations=19 (full 3):
 PSYoungGen      total 147456K, used 0K [0x000000076bb80000, 0x0000000775f80000, 0x00000007c0000000)
  eden space 135680K, 0% used [0x000000076bb80000,0x000000076bb80000,0x0000000774000000)
  from space 11776K, 0% used [0x0000000774e00000,0x0000000774e00000,0x0000000775980000)
  to   space 14336K, 0% used [0x0000000774000000,0x0000000774000000,0x0000000774e00000)
 ParOldGen       total 97280K, used 35853K [0x00000006c3200000, 0x00000006c9100000, 0x000000076bb80000)
  object space 97280K, 36% used [0x00000006c3200000,0x00000006c5503788,0x00000006c9100000)
 Metaspace       used 55939K, capacity 59068K, committed 59096K, reserved 1099776K
  class space    used 7632K, capacity 8177K, committed 8192K, reserved 1048576K
}

Deoptimization events (0 events):
No events

Internal exceptions (10 events):
Event: 11.432 Thread 0x0000000021159000 Exception <a 'java/lang/ArrayIndexOutOfBoundsException'> (0x000000076f272168) thrown at [C:\re\workspace\8-2-build-windows-amd64-cygwin\jdk8u45\3457\hotspot\src\share\vm\runtime\sharedRuntime.cpp, line 605]
Event: 11.432 Thread 0x0000000021159000 Exception <a 'java/lang/ArrayIndexOutOfBoundsException'> (0x000000076f2733a8) thrown at [C:\re\workspace\8-2-build-windows-amd64-cygwin\jdk8u45\3457\hotspot\src\share\vm\runtime\sharedRuntime.cpp, line 605]
Event: 11.432 Thread 0x0000000021159000 Exception <a 'java/lang/ArrayIndexOutOfBoundsException'> (0x000000076f2758f0) thrown at [C:\re\workspace\8-2-build-windows-amd64-cygwin\jdk8u45\3457\hotspot\src\share\vm\runtime\sharedRuntime.cpp, line 605]
Event: 11.432 Thread 0x0000000021159000 Exception <a 'java/lang/ArrayIndexOutOfBoundsException'> (0x000000076f276e28) thrown at [C:\re\workspace\8-2-build-windows-amd64-cygwin\jdk8u45\3457\hotspot\src\share\vm\runtime\sharedRuntime.cpp, line 605]
Event: 11.432 Thread 0x0000000021159000 Exception <a 'java/lang/ArrayIndexOutOfBoundsException'> (0x000000076f27a3a8) thrown at [C:\re\workspace\8-2-build-windows-amd64-cygwin\jdk8u45\3457\hotspot\src\share\vm\runtime\sharedRuntime.cpp, line 605]
Event: 11.432 Thread 0x0000000021159000 Exception <a 'java/lang/ArrayIndexOutOfBoundsException'> (0x000000076f35f750) thrown at [C:\re\workspace\8-2-build-windows-amd64-cygwin\jdk8u45\3457\hotspot\src\share\vm\runtime\sharedRuntime.cpp, line 605]
Event: 11.433 Thread 0x0000000021159000 Exception <a 'java/lang/ArrayIndexOutOfBoundsException'> (0x000000076f361c70) thrown at [C:\re\workspace\8-2-build-windows-amd64-cygwin\jdk8u45\3457\hotspot\src\share\vm\runtime\sharedRuntime.cpp, line 605]
Event: 11.434 Thread 0x0000000021159000 Exception <a 'java/lang/ArrayIndexOutOfBoundsException'> (0x000000076f39b6e0) thrown at [C:\re\workspace\8-2-build-windows-amd64-cygwin\jdk8u45\3457\hotspot\src\share\vm\runtime\sharedRuntime.cpp, line 605]
Event: 11.439 Thread 0x0000000021159000 Exception <a 'java/lang/ArrayIndexOutOfBoundsException'> (0x000000076f593d58) thrown at [C:\re\workspace\8-2-build-windows-amd64-cygwin\jdk8u45\3457\hotspot\src\share\vm\runtime\sharedRuntime.cpp, line 605]
Event: 11.446 Thread 0x0000000021159000 Exception <a 'java/lang/ArrayIndexOutOfBoundsException'> (0x000000076f86e2e0) thrown at [C:\re\workspace\8-2-build-windows-amd64-cygwin\jdk8u45\3457\hotspot\src\share\vm\runtime\sharedRuntime.cpp, line 605]

Events (10 events):
Event: 11.464 loading class io/lettuce/core/RedisFuture
Event: 11.464 loading class io/lettuce/core/RedisFuture done
Event: 11.464 loading class io/lettuce/core/protocol/RedisCommand
Event: 11.464 loading class io/lettuce/core/protocol/RedisCommand done
Event: 11.465 loading class io/lettuce/core/protocol/AsyncCommand
Event: 11.465 loading class io/lettuce/core/protocol/AsyncCommand done
Event: 11.465 loading class io/lettuce/core/protocol/CompleteableCommand
Event: 11.465 loading class io/lettuce/core/protocol/CompleteableCommand done
Event: 11.465 loading class io/lettuce/core/protocol/DecoratedCommand
Event: 11.465 loading class io/lettuce/core/protocol/DecoratedCommand done


Dynamic libraries:
0x00007ff7cbd50000 - 0x00007ff7cbd87000 	D:\Java\jdk-8u45-windows-x64\bin\java.exe
0x00007ffb23d70000 - 0x00007ffb23f65000 	C:\Windows\SYSTEM32\ntdll.dll
0x00007ffb22ce0000 - 0x00007ffb22d9d000 	C:\Windows\System32\KERNEL32.DLL
0x00007ffb21720000 - 0x00007ffb219e8000 	C:\Windows\System32\KERNELBASE.dll
0x00007ffb21de0000 - 0x00007ffb21e8c000 	C:\Windows\System32\ADVAPI32.dll
0x00007ffb23c90000 - 0x00007ffb23d2e000 	C:\Windows\System32\msvcrt.dll
0x00007ffb236b0000 - 0x00007ffb2374b000 	C:\Windows\System32\sechost.dll
0x00007ffb22b00000 - 0x00007ffb22c2b000 	C:\Windows\System32\RPCRT4.dll
0x00007ffb21e90000 - 0x00007ffb22030000 	C:\Windows\System32\USER32.dll
0x00007ffb21ba0000 - 0x00007ffb21bc2000 	C:\Windows\System32\win32u.dll
0x00007ffb22da0000 - 0x00007ffb22dca000 	C:\Windows\System32\GDI32.dll
0x00007ffb21610000 - 0x00007ffb2171b000 	C:\Windows\System32\gdi32full.dll
0x00007ffb21b00000 - 0x00007ffb21b9d000 	C:\Windows\System32\msvcp_win.dll
0x00007ffb21cd0000 - 0x00007ffb21dd0000 	C:\Windows\System32\ucrtbase.dll
0x00007ffb04e40000 - 0x00007ffb050da000 	C:\Windows\WinSxS\amd64_microsoft.windows.common-controls_6595b64144ccf1df_6.0.19041.844_none_ca00b6081b84eb1d\COMCTL32.dll
0x00007ffb22a70000 - 0x00007ffb22aa0000 	C:\Windows\System32\IMM32.DLL
0x000000005b610000 - 0x000000005b6e2000 	D:\Java\jdk-8u45-windows-x64\jre\bin\msvcr100.dll
0x000000005a4f0000 - 0x000000005ad73000 	D:\Java\jdk-8u45-windows-x64\jre\bin\server\jvm.dll
0x00007ffb22930000 - 0x00007ffb22938000 	C:\Windows\System32\PSAPI.DLL
0x00007ffb15f60000 - 0x00007ffb15f6a000 	C:\Windows\SYSTEM32\VERSION.dll
0x00007ffb0ae50000 - 0x00007ffb0ae59000 	C:\Windows\SYSTEM32\WSOCK32.dll
0x00007ffb0d5e0000 - 0x00007ffb0d607000 	C:\Windows\SYSTEM32\WINMM.dll
0x00007ffb237b0000 - 0x00007ffb2381b000 	C:\Windows\System32\WS2_32.dll
0x000000005b600000 - 0x000000005b60f000 	D:\Java\jdk-8u45-windows-x64\jre\bin\verify.dll
0x000000005b5d0000 - 0x000000005b5f9000 	D:\Java\jdk-8u45-windows-x64\jre\bin\java.dll
0x000000005b540000 - 0x000000005b563000 	D:\Java\jdk-8u45-windows-x64\jre\bin\instrument.dll
0x000000005b5b0000 - 0x000000005b5c6000 	D:\Java\jdk-8u45-windows-x64\jre\bin\zip.dll
0x00007ffb220b0000 - 0x00007ffb227f2000 	C:\Windows\System32\SHELL32.dll
0x00007ffb1f5e0000 - 0x00007ffb1fd70000 	C:\Windows\SYSTEM32\windows.storage.dll
0x00007ffb23350000 - 0x00007ffb236a5000 	C:\Windows\System32\combase.dll
0x00007ffb20f20000 - 0x00007ffb20f4c000 	C:\Windows\SYSTEM32\Wldp.dll
0x00007ffb22e50000 - 0x00007ffb22efe000 	C:\Windows\System32\SHCORE.dll
0x00007ffb22fe0000 - 0x00007ffb23035000 	C:\Windows\System32\shlwapi.dll
0x00007ffb213f0000 - 0x00007ffb2140f000 	C:\Windows\SYSTEM32\profapi.dll
0x00007ffb075c0000 - 0x00007ffb075da000 	D:\java\IntelliJ IDEA 2021.1\bin\breakgen64.dll
0x000000005b590000 - 0x000000005b5aa000 	D:\java\jdk-8u45-windows-x64\jre\bin\net.dll
0x00007ffb20c90000 - 0x00007ffb20cfa000 	C:\Windows\system32\mswsock.dll
0x00007ffb20970000 - 0x00007ffb20a3c000 	C:\Windows\SYSTEM32\DNSAPI.dll
0x00007ffb20930000 - 0x00007ffb2096b000 	C:\Windows\SYSTEM32\IPHLPAPI.DLL
0x00007ffb22940000 - 0x00007ffb22948000 	C:\Windows\System32\NSI.dll
0x00007ffb15f50000 - 0x00007ffb15f5a000 	C:\Windows\System32\rasadhlp.dll
0x00007ffb0dfa0000 - 0x00007ffb0e01f000 	C:\Windows\System32\fwpuclnt.dll
0x00007ffb21bd0000 - 0x00007ffb21bf7000 	C:\Windows\System32\bcrypt.dll
0x000000005b530000 - 0x000000005b53d000 	D:\java\jdk-8u45-windows-x64\jre\bin\management.dll
0x000000005b570000 - 0x000000005b581000 	D:\java\jdk-8u45-windows-x64\jre\bin\nio.dll
0x00007ffb20e70000 - 0x00007ffb20e88000 	C:\Windows\SYSTEM32\CRYPTSP.dll
0x00007ffb205c0000 - 0x00007ffb205f4000 	C:\Windows\system32\rsaenh.dll
0x00007ffb21370000 - 0x00007ffb2139e000 	C:\Windows\SYSTEM32\USERENV.dll
0x00007ffb21c50000 - 0x00007ffb21cd0000 	C:\Windows\System32\bcryptprimitives.dll
0x00007ffb20e60000 - 0x00007ffb20e6c000 	C:\Windows\SYSTEM32\CRYPTBASE.dll
0x00007ffb15b90000 - 0x00007ffb15ba7000 	C:\Windows\SYSTEM32\dhcpcsvc6.DLL
0x00007ffb14c70000 - 0x00007ffb14c8d000 	C:\Windows\SYSTEM32\dhcpcsvc.DLL
0x00007ffb02f20000 - 0x00007ffb02f37000 	C:\Windows\system32\napinsp.dll
0x00007ffb02f00000 - 0x00007ffb02f1b000 	C:\Windows\system32\pnrpnsp.dll
0x00007ffb1a030000 - 0x00007ffb1a045000 	C:\Windows\system32\wshbth.dll
0x00007ffb197c0000 - 0x00007ffb197dd000 	C:\Windows\system32\NLAapi.dll
0x00007ffb02de0000 - 0x00007ffb02df2000 	C:\Windows\System32\winrnr.dll
0x00007ffb1f3b0000 - 0x00007ffb1f594000 	C:\Windows\SYSTEM32\dbghelp.dll

VM Arguments:
jvm_args: -XX:TieredStopAtLevel=1 -Xverify:none -Dspring.output.ansi.enabled=always -javaagent:D:\java\IntelliJ IDEA 2021.1\lib\idea_rt.jar=5158:D:\java\IntelliJ IDEA 2021.1\bin -Dcom.sun.management.jmxremote -Dspring.jmx.enabled=true -Dspring.liveBeansView.mbeanDomain -Dspring.application.admin.enabled=true -Dfile.encoding=UTF-8 
java_command: com.lead.admin.AdminApplication
java_class_path (initial): D:\java\jdk-8u45-windows-x64\jre\lib\charsets.jar;D:\java\jdk-8u45-windows-x64\jre\lib\deploy.jar;D:\java\jdk-8u45-windows-x64\jre\lib\ext\access-bridge-64.jar;D:\java\jdk-8u45-windows-x64\jre\lib\ext\cldrdata.jar;D:\java\jdk-8u45-windows-x64\jre\lib\ext\dnsns.jar;D:\java\jdk-8u45-windows-x64\jre\lib\ext\jaccess.jar;D:\java\jdk-8u45-windows-x64\jre\lib\ext\jfxrt.jar;D:\java\jdk-8u45-windows-x64\jre\lib\ext\localedata.jar;D:\java\jdk-8u45-windows-x64\jre\lib\ext\nashorn.jar;D:\java\jdk-8u45-windows-x64\jre\lib\ext\sunec.jar;D:\java\jdk-8u45-windows-x64\jre\lib\ext\sunjce_provider.jar;D:\java\jdk-8u45-windows-x64\jre\lib\ext\sunmscapi.jar;D:\java\jdk-8u45-windows-x64\jre\lib\ext\sunpkcs11.jar;D:\java\jdk-8u45-windows-x64\jre\lib\ext\zipfs.jar;D:\java\jdk-8u45-windows-x64\jre\lib\javaws.jar;D:\java\jdk-8u45-windows-x64\jre\lib\jce.jar;D:\java\jdk-8u45-windows-x64\jre\lib\jfr.jar;D:\java\jdk-8u45-windows-x64\jre\lib\jfxswt.jar;D:\java\jdk-8u45-windows-x64\jre\lib\jsse.jar;D:\java\jdk-8u45-windows-x64\jre\lib\management-agent.jar;D:\java\jdk-8u45-windows-x64\jre\lib\plugin.jar;D:\java\jdk-8u45-windows-x64\jre\lib\resources.jar;D:\java\jdk-8u45-windows-x64\jre\lib\rt.jar;D:\java\ProjectLibrary\leadnews\leadnews-admin\target\classes;D:\java\ProjectLibrary\leadnews\leadnews-model\target\classes;D:\java\maven_repository\mysql\mysql-connector-java\5.1.46\mysql-connector-java-5.1.46.jar;D:\java\maven_repository\org\mybatis\mybatis\3.5.1\mybatis-3.5.1.jar;D:\java\maven_repository\org\apache\commons\commons-lang3\3.5\commons-lang3-3.5.jar;D:\java\maven_repository\com\baomidou\mybatis-plus-boot-starter\3.1.1\mybatis-plus-boot-starter-3.1.1.jar;D:\java\maven_repository\com\baomidou\mybatis-plus\3.1.1\mybatis-plus-3.1.1.jar;D:\java\maven_repository\com\baomidou\mybatis-plus-extension\3.1.1\mybatis-plus-extension-3.1.1.jar;D:\java\maven_repository\com\baomidou\mybatis-plus-core\3.1.1\mybatis-plus-core-3.1.1.jar;D:\java\maven_repository\com\baomidou\mybat
Launcher Type: SUN_STANDARD

Environment Variables:
JAVA_HOME=D:\java\jdk-8u45-windows-x64
PATH=D:\java\jdk-8u45-windows-x64\bin;C:\ProgramData\Oracle\Java\javapath;C:\Windows\system32;C:\Windows;C:\Windows\System32\Wbem;C:\Windows\System32\WindowsPowerShell\v1.0\;C:\Windows\System32\OpenSSH\;D:\Program Files\MariaDB 10.5\bin;D:\Program Files (x86)\Git\cmd;D:\java\apache-maven-3.5.2\bin;D:\java\MySQL\MySQL Server 5.5\bin;d:\Program Files\TortoiseGit\bin;D:\Program Files\Clients\;d:\Program Files\nodejs\;C:\Users\90937\AppData\Local\Microsoft\WindowsApps;C:\Users\90937\AppData\Roaming\npm
USERNAME=90937
OS=Windows_NT
PROCESSOR_IDENTIFIER=Intel64 Family 6 Model 140 Stepping 1, GenuineIntel



---------------  S Y S T E M  ---------------

OS: Windows 10.0 , 64 bit Build 19041 (10.0.19041.928)

CPU:total 8 (4 cores per cpu, 2 threads per core) family 6 model 140 stepping 1, cmov, cx8, fxsr, mmx, sse, sse2, sse3, ssse3, sse4.1, sse4.2, popcnt, avx, avx2, aes, clmul, erms, 3dnowpref, lzcnt, ht, tsc, tscinvbit, bmi1, bmi2, adx

Memory: 4k page, physical 16571704k(1892116k free), swap 29678900k(5136k free)

vm_info: Java HotSpot(TM) 64-Bit Server VM (25.45-b02) for windows-amd64 JRE (1.8.0_45-b14), built on Apr 10 2015 10:34:15 by "java_re" with MS VC++ 10.0 (VS2010)

time: Sat May 29 10:41:51 2021
elapsed time: 11 seconds (0d 0h 0m 11s)

